<?xml version="1.0" encoding="UTF-8" standalone="yes"?><!DOCTYPE report PUBLIC "-//JACOCO//DTD Report 1.1//EN" "report.dtd"><report name="WebDriver Extensions Maven Plugin"><sessioninfo id="Sephiroth-PC-fdfd1299" start="1638041870335" dump="1638041911531"/><package name="com/github/webdriverextensions"><class name="com/github/webdriverextensions/DriverComparator$ById" sourcefilename="DriverComparator.java"><method name="&lt;init&gt;" desc="()V" line="25"><counter type="INSTRUCTION" missed="0" covered="3"/><counter type="LINE" missed="0" covered="1"/><counter type="COMPLEXITY" missed="0" covered="1"/><counter type="METHOD" missed="0" covered="1"/></method><method name="compare" desc="(Lcom/github/webdriverextensions/Driver;Lcom/github/webdriverextensions/Driver;)I" line="29"><counter type="INSTRUCTION" missed="11" covered="16"/><counter type="BRANCH" missed="8" covered="4"/><counter type="LINE" missed="2" covered="3"/><counter type="COMPLEXITY" missed="6" covered="1"/><counter type="METHOD" missed="0" covered="1"/></method><counter type="INSTRUCTION" missed="11" covered="19"/><counter type="BRANCH" missed="8" covered="4"/><counter type="LINE" missed="2" covered="4"/><counter type="COMPLEXITY" missed="6" covered="2"/><counter type="METHOD" missed="0" covered="2"/><counter type="CLASS" missed="0" covered="1"/></class><class name="com/github/webdriverextensions/Utils" sourcefilename="Utils.java"><method name="quote" desc="(Ljava/lang/String;)Ljava/lang/String;" line="24"><counter type="INSTRUCTION" missed="0" covered="11"/><counter type="LINE" missed="0" covered="1"/><counter type="COMPLEXITY" missed="0" covered="1"/><counter type="METHOD" missed="0" covered="1"/></method><method name="quote" desc="(Ljava/nio/file/Path;)Ljava/lang/String;" line="28"><counter type="INSTRUCTION" missed="0" covered="4"/><counter type="LINE" missed="0" covered="1"/><counter type="COMPLEXITY" missed="0" covered="1"/><counter type="METHOD" missed="0" covered="1"/></method><method name="quote" desc="(Ljava/net/URL;)Ljava/lang/String;" line="32"><counter type="INSTRUCTION" missed="0" covered="4"/><counter type="LINE" missed="0" covered="1"/><counter type="COMPLEXITY" missed="0" covered="1"/><counter type="METHOD" missed="0" covered="1"/></method><method name="isWindows" desc="()Z" line="36"><counter type="INSTRUCTION" missed="0" covered="12"/><counter type="BRANCH" missed="0" covered="2"/><counter type="LINE" missed="0" covered="3"/><counter type="COMPLEXITY" missed="0" covered="2"/><counter type="METHOD" missed="0" covered="1"/></method><method name="isWindows10" desc="()Z" line="43"><counter type="INSTRUCTION" missed="0" covered="12"/><counter type="BRANCH" missed="0" covered="2"/><counter type="LINE" missed="0" covered="3"/><counter type="COMPLEXITY" missed="0" covered="2"/><counter type="METHOD" missed="0" covered="1"/></method><method name="isMac" desc="()Z" line="50"><counter type="INSTRUCTION" missed="0" covered="12"/><counter type="BRANCH" missed="0" covered="2"/><counter type="LINE" missed="0" covered="3"/><counter type="COMPLEXITY" missed="0" covered="2"/><counter type="METHOD" missed="0" covered="1"/></method><method name="isLinux" desc="()Z" line="57"><counter type="INSTRUCTION" missed="4" covered="8"/><counter type="BRANCH" missed="1" covered="1"/><counter type="LINE" missed="1" covered="2"/><counter type="COMPLEXITY" missed="1" covered="1"/><counter type="METHOD" missed="0" covered="1"/></method><method name="is64Bit" desc="()Z" line="64"><counter type="INSTRUCTION" missed="0" covered="13"/><counter type="BRANCH" missed="0" covered="2"/><counter type="LINE" missed="0" covered="3"/><counter type="COMPLEXITY" missed="0" covered="2"/><counter type="METHOD" missed="0" covered="1"/></method><method name="debugInfo" desc="(Lcom/github/webdriverextensions/InstallDriversMojo;)Ljava/lang/String;" line="71"><counter type="INSTRUCTION" missed="36" covered="0"/><counter type="LINE" missed="4" covered="0"/><counter type="COMPLEXITY" missed="1" covered="0"/><counter type="METHOD" missed="1" covered="0"/></method><method name="debugInfo" desc="(Lcom/github/webdriverextensions/Driver;)Ljava/lang/String;" line="78"><counter type="INSTRUCTION" missed="0" covered="11"/><counter type="LINE" missed="0" covered="1"/><counter type="COMPLEXITY" missed="0" covered="1"/><counter type="METHOD" missed="0" covered="1"/></method><method name="debugInfo" desc="(Lcom/github/webdriverextensions/InstallDriversMojo;Lcom/github/webdriverextensions/Driver;)Ljava/lang/String;" line="83"><counter type="INSTRUCTION" missed="0" covered="46"/><counter type="LINE" missed="0" covered="5"/><counter type="COMPLEXITY" missed="0" covered="1"/><counter type="METHOD" missed="0" covered="1"/></method><method name="directoryToString" desc="(Ljava/nio/file/Path;)Ljava/lang/String;" line="91"><counter type="INSTRUCTION" missed="86" covered="33"/><counter type="BRANCH" missed="8" covered="4"/><counter type="LINE" missed="18" covered="7"/><counter type="COMPLEXITY" missed="6" covered="1"/><counter type="METHOD" missed="0" covered="1"/></method><method name="longestPath" desc="(Ljava/util/Collection;Ljava/nio/file/Path;)I" line="134"><counter type="INSTRUCTION" missed="9" covered="0"/><counter type="LINE" missed="3" covered="0"/><counter type="COMPLEXITY" missed="1" covered="0"/><counter type="METHOD" missed="1" covered="0"/></method><method name="getRelativePath" desc="(Ljava/io/File;Ljava/nio/file/Path;)Ljava/lang/String;" line="140"><counter type="INSTRUCTION" missed="6" covered="0"/><counter type="LINE" missed="1" covered="0"/><counter type="COMPLEXITY" missed="1" covered="0"/><counter type="METHOD" missed="1" covered="0"/></method><method name="readableFileSize" desc="(Ljava/io/File;)Ljava/lang/String;" line="144"><counter type="INSTRUCTION" missed="66" covered="0"/><counter type="BRANCH" missed="2" covered="0"/><counter type="LINE" missed="6" covered="0"/><counter type="COMPLEXITY" missed="2" covered="0"/><counter type="METHOD" missed="1" covered="0"/></method><method name="lambda$longestPath$0" desc="(Ljava/nio/file/Path;Ljava/io/File;)I" line="135"><counter type="INSTRUCTION" missed="5" covered="0"/><counter type="LINE" missed="1" covered="0"/><counter type="COMPLEXITY" missed="1" covered="0"/><counter type="METHOD" missed="1" covered="0"/></method><counter type="INSTRUCTION" missed="212" covered="166"/><counter type="BRANCH" missed="11" covered="13"/><counter type="LINE" missed="33" covered="30"/><counter type="COMPLEXITY" missed="13" covered="15"/><counter type="METHOD" missed="5" covered="11"/><counter type="CLASS" missed="0" covered="1"/></class><class name="com/github/webdriverextensions/InstallDriversMojoExecutionException" sourcefilename="InstallDriversMojoExecutionException.java"><method name="&lt;init&gt;" desc="(Ljava/lang/String;Lcom/github/webdriverextensions/InstallDriversMojo;Lcom/github/webdriverextensions/Driver;)V" line="9"><counter type="INSTRUCTION" missed="0" covered="7"/><counter type="LINE" missed="0" covered="2"/><counter type="COMPLEXITY" missed="0" covered="1"/><counter type="METHOD" missed="0" covered="1"/></method><method name="&lt;init&gt;" desc="(Ljava/lang/String;Ljava/lang/Exception;Lcom/github/webdriverextensions/InstallDriversMojo;Lcom/github/webdriverextensions/Driver;)V" line="13"><counter type="INSTRUCTION" missed="0" covered="14"/><counter type="LINE" missed="0" covered="2"/><counter type="COMPLEXITY" missed="0" covered="1"/><counter type="METHOD" missed="0" covered="1"/></method><counter type="INSTRUCTION" missed="0" covered="21"/><counter type="LINE" missed="0" covered="4"/><counter type="COMPLEXITY" missed="0" covered="2"/><counter type="METHOD" missed="0" covered="2"/><counter type="CLASS" missed="0" covered="1"/></class><class name="com/github/webdriverextensions/DriverComparator" sourcefilename="DriverComparator.java"/><class name="com/github/webdriverextensions/Driver" sourcefilename="Driver.java"><method name="getId" desc="()Ljava/lang/String;" line="30"><counter type="INSTRUCTION" missed="2" covered="48"/><counter type="BRANCH" missed="3" covered="5"/><counter type="LINE" missed="0" covered="3"/><counter type="COMPLEXITY" missed="3" covered="2"/><counter type="METHOD" missed="0" covered="1"/></method><method name="getDriverDownloadDirectoryName" desc="()Ljava/lang/String;" line="38"><counter type="INSTRUCTION" missed="3" covered="52"/><counter type="BRANCH" missed="3" covered="3"/><counter type="LINE" missed="0" covered="4"/><counter type="COMPLEXITY" missed="3" covered="1"/><counter type="METHOD" missed="0" covered="1"/></method><method name="getComparableVersion" desc="()Lcom/github/webdriverextensions/ComparableVersion;" line="45"><counter type="INSTRUCTION" missed="0" covered="6"/><counter type="LINE" missed="0" covered="1"/><counter type="COMPLEXITY" missed="0" covered="1"/><counter type="METHOD" missed="0" covered="1"/></method><method name="getFileName" desc="()Ljava/lang/String;" line="49"><counter type="INSTRUCTION" missed="0" covered="18"/><counter type="BRANCH" missed="0" covered="2"/><counter type="LINE" missed="0" covered="3"/><counter type="COMPLEXITY" missed="0" covered="2"/><counter type="METHOD" missed="0" covered="1"/></method><method name="getFilenameFromUrl" desc="()Ljava/lang/String;" line="58"><counter type="INSTRUCTION" missed="6" covered="12"/><counter type="LINE" missed="2" covered="2"/><counter type="COMPLEXITY" missed="0" covered="1"/><counter type="METHOD" missed="0" covered="1"/></method><method name="toString" desc="()Ljava/lang/String;" line="67"><counter type="INSTRUCTION" missed="0" covered="8"/><counter type="LINE" missed="0" covered="1"/><counter type="COMPLEXITY" missed="0" covered="1"/><counter type="METHOD" missed="0" covered="1"/></method><method name="fromJson" desc="(Ljava/lang/String;)Lcom/github/webdriverextensions/Driver;" line="72"><counter type="INSTRUCTION" missed="0" covered="15"/><counter type="LINE" missed="0" covered="3"/><counter type="COMPLEXITY" missed="0" covered="1"/><counter type="METHOD" missed="0" covered="1"/></method><counter type="INSTRUCTION" missed="11" covered="159"/><counter type="BRANCH" missed="6" covered="10"/><counter type="LINE" missed="2" covered="17"/><counter type="COMPLEXITY" missed="6" covered="9"/><counter type="METHOD" missed="0" covered="7"/><counter type="CLASS" missed="0" covered="1"/></class><class name="com/github/webdriverextensions/HelpMojo" sourcefilename="HelpMojo.java"><method name="&lt;init&gt;" desc="()V" line="28"><counter type="INSTRUCTION" missed="3" covered="0"/><counter type="LINE" missed="1" covered="0"/><counter type="COMPLEXITY" missed="1" covered="0"/><counter type="METHOD" missed="1" covered="0"/></method><method name="build" desc="()Lorg/w3c/dom/Document;" line="68"><counter type="INSTRUCTION" missed="44" covered="0"/><counter type="LINE" missed="11" covered="0"/><counter type="COMPLEXITY" missed="1" covered="0"/><counter type="METHOD" missed="1" covered="0"/></method><method name="execute" desc="()V" line="96"><counter type="INSTRUCTION" missed="178" covered="0"/><counter type="BRANCH" missed="20" covered="0"/><counter type="LINE" missed="31" covered="0"/><counter type="COMPLEXITY" missed="11" covered="0"/><counter type="METHOD" missed="1" covered="0"/></method><method name="isNotEmpty" desc="(Ljava/lang/String;)Z" line="161"><counter type="INSTRUCTION" missed="9" covered="0"/><counter type="BRANCH" missed="4" covered="0"/><counter type="LINE" missed="1" covered="0"/><counter type="COMPLEXITY" missed="3" covered="0"/><counter type="METHOD" missed="1" covered="0"/></method><method name="getValue" desc="(Lorg/w3c/dom/Node;Ljava/lang/String;)Ljava/lang/String;" line="167"><counter type="INSTRUCTION" missed="5" covered="0"/><counter type="LINE" missed="1" covered="0"/><counter type="COMPLEXITY" missed="1" covered="0"/><counter type="METHOD" missed="1" covered="0"/></method><method name="getSingleChild" desc="(Lorg/w3c/dom/Node;Ljava/lang/String;)Lorg/w3c/dom/Node;" line="173"><counter type="INSTRUCTION" missed="44" covered="0"/><counter type="BRANCH" missed="4" covered="0"/><counter type="LINE" missed="6" covered="0"/><counter type="COMPLEXITY" missed="3" covered="0"/><counter type="METHOD" missed="1" covered="0"/></method><method name="findNamedChild" desc="(Lorg/w3c/dom/Node;Ljava/lang/String;)Ljava/util/List;" line="187"><counter type="INSTRUCTION" missed="30" covered="0"/><counter type="BRANCH" missed="4" covered="0"/><counter type="LINE" missed="7" covered="0"/><counter type="COMPLEXITY" missed="3" covered="0"/><counter type="METHOD" missed="1" covered="0"/></method><method name="findSingleChild" desc="(Lorg/w3c/dom/Node;Ljava/lang/String;)Lorg/w3c/dom/Node;" line="203"><counter type="INSTRUCTION" missed="32" covered="0"/><counter type="BRANCH" missed="4" covered="0"/><counter type="LINE" missed="6" covered="0"/><counter type="COMPLEXITY" missed="3" covered="0"/><counter type="METHOD" missed="1" covered="0"/></method><method name="writeGoal" desc="(Ljava/lang/StringBuilder;Ljava/lang/String;Lorg/w3c/dom/Element;)V" line="218"><counter type="INSTRUCTION" missed="129" covered="0"/><counter type="BRANCH" missed="20" covered="0"/><counter type="LINE" missed="23" covered="0"/><counter type="COMPLEXITY" missed="11" covered="0"/><counter type="METHOD" missed="1" covered="0"/></method><method name="writeParameter" desc="(Ljava/lang/StringBuilder;Lorg/w3c/dom/Node;Lorg/w3c/dom/Node;)V" line="258"><counter type="INSTRUCTION" missed="122" covered="0"/><counter type="BRANCH" missed="16" covered="0"/><counter type="LINE" missed="21" covered="0"/><counter type="COMPLEXITY" missed="9" covered="0"/><counter type="METHOD" missed="1" covered="0"/></method><method name="repeat" desc="(Ljava/lang/String;I)Ljava/lang/String;" line="304"><counter type="INSTRUCTION" missed="22" covered="0"/><counter type="BRANCH" missed="2" covered="0"/><counter type="LINE" missed="4" covered="0"/><counter type="COMPLEXITY" missed="2" covered="0"/><counter type="METHOD" missed="1" covered="0"/></method><method name="append" desc="(Ljava/lang/StringBuilder;Ljava/lang/String;I)V" line="324"><counter type="INSTRUCTION" missed="24" covered="0"/><counter type="BRANCH" missed="2" covered="0"/><counter type="LINE" missed="4" covered="0"/><counter type="COMPLEXITY" missed="2" covered="0"/><counter type="METHOD" missed="1" covered="0"/></method><method name="toLines" desc="(Ljava/lang/String;III)Ljava/util/List;" line="342"><counter type="INSTRUCTION" missed="42" covered="0"/><counter type="BRANCH" missed="2" covered="0"/><counter type="LINE" missed="6" covered="0"/><counter type="COMPLEXITY" missed="2" covered="0"/><counter type="METHOD" missed="1" covered="0"/></method><method name="toLines" desc="(Ljava/util/List;Ljava/lang/String;II)V" line="366"><counter type="INSTRUCTION" missed="104" covered="0"/><counter type="BRANCH" missed="12" covered="0"/><counter type="LINE" missed="19" covered="0"/><counter type="COMPLEXITY" missed="7" covered="0"/><counter type="METHOD" missed="1" covered="0"/></method><method name="getIndentLevel" desc="(Ljava/lang/String;)I" line="415"><counter type="INSTRUCTION" missed="40" covered="0"/><counter type="BRANCH" missed="10" covered="0"/><counter type="LINE" missed="8" covered="0"/><counter type="COMPLEXITY" missed="6" covered="0"/><counter type="METHOD" missed="1" covered="0"/></method><method name="getPropertyFromExpression" desc="(Ljava/lang/String;)Ljava/lang/String;" line="433"><counter type="INSTRUCTION" missed="26" covered="0"/><counter type="BRANCH" missed="8" covered="0"/><counter type="LINE" missed="4" covered="0"/><counter type="COMPLEXITY" missed="5" covered="0"/><counter type="METHOD" missed="1" covered="0"/></method><counter type="INSTRUCTION" missed="854" covered="0"/><counter type="BRANCH" missed="108" covered="0"/><counter type="LINE" missed="153" covered="0"/><counter type="COMPLEXITY" missed="70" covered="0"/><counter type="METHOD" missed="16" covered="0"/><counter type="CLASS" missed="1" covered="0"/></class><class name="com/github/webdriverextensions/DriverVersionHandler" sourcefilename="DriverVersionHandler.java"><method name="&lt;init&gt;" desc="(Ljava/nio/file/Path;)V" line="15"><counter type="INSTRUCTION" missed="0" covered="6"/><counter type="LINE" missed="0" covered="3"/><counter type="COMPLEXITY" missed="0" covered="1"/><counter type="METHOD" missed="0" covered="1"/></method><method name="writeVersionFile" desc="(Lcom/github/webdriverextensions/Driver;)V" line="20"><counter type="INSTRUCTION" missed="0" covered="43"/><counter type="LINE" missed="0" covered="7"/><counter type="COMPLEXITY" missed="0" covered="1"/><counter type="METHOD" missed="0" covered="1"/></method><method name="getVersionFile" desc="(Lcom/github/webdriverextensions/Driver;)Ljava/nio/file/Path;" line="31"><counter type="INSTRUCTION" missed="0" covered="13"/><counter type="LINE" missed="0" covered="1"/><counter type="COMPLEXITY" missed="0" covered="1"/><counter type="METHOD" missed="0" covered="1"/></method><method name="isSameVersion" desc="(Lcom/github/webdriverextensions/Driver;)Z" line="36"><counter type="INSTRUCTION" missed="15" covered="25"/><counter type="BRANCH" missed="1" covered="3"/><counter type="LINE" missed="2" covered="5"/><counter type="COMPLEXITY" missed="1" covered="2"/><counter type="METHOD" missed="0" covered="1"/></method><counter type="INSTRUCTION" missed="15" covered="87"/><counter type="BRANCH" missed="1" covered="3"/><counter type="LINE" missed="2" covered="16"/><counter type="COMPLEXITY" missed="1" covered="5"/><counter type="METHOD" missed="0" covered="4"/><counter type="CLASS" missed="0" covered="1"/></class><class name="com/github/webdriverextensions/DriverDownloader" sourcefilename="DriverDownloader.java"><method name="&lt;init&gt;" desc="(Lcom/github/webdriverextensions/InstallDriversMojo;)V" line="29"><counter type="INSTRUCTION" missed="0" covered="10"/><counter type="LINE" missed="0" covered="4"/><counter type="COMPLEXITY" missed="0" covered="1"/><counter type="METHOD" missed="0" covered="1"/></method><method name="close" desc="()V" line="36"><counter type="INSTRUCTION" missed="0" covered="4"/><counter type="LINE" missed="0" covered="2"/><counter type="COMPLEXITY" missed="0" covered="1"/><counter type="METHOD" missed="0" covered="1"/></method><method name="downloadFile" desc="(Lcom/github/webdriverextensions/Driver;Ljava/nio/file/Path;)Ljava/nio/file/Path;" line="41"><counter type="INSTRUCTION" missed="28" covered="95"/><counter type="BRANCH" missed="1" covered="5"/><counter type="LINE" missed="2" covered="16"/><counter type="COMPLEXITY" missed="1" covered="3"/><counter type="METHOD" missed="0" covered="1"/></method><method name="createHttpClient" desc="()Lorg/apache/hc/client5/http/impl/classic/CloseableHttpClient;" line="67"><counter type="INSTRUCTION" missed="0" covered="44"/><counter type="LINE" missed="0" covered="9"/><counter type="COMPLEXITY" missed="0" covered="1"/><counter type="METHOD" missed="0" covered="1"/></method><method name="downloadCompletedFileExists" desc="(Ljava/nio/file/Path;)Z" line="84"><counter type="INSTRUCTION" missed="0" covered="9"/><counter type="LINE" missed="0" covered="2"/><counter type="COMPLEXITY" missed="0" covered="1"/><counter type="METHOD" missed="0" covered="1"/></method><method name="createDownloadCompletedFile" desc="(Ljava/nio/file/Path;)V" line="89"><counter type="INSTRUCTION" missed="14" covered="16"/><counter type="BRANCH" missed="0" covered="2"/><counter type="LINE" missed="2" covered="5"/><counter type="COMPLEXITY" missed="0" covered="2"/><counter type="METHOD" missed="0" covered="1"/></method><method name="lambda$createHttpClient$0" desc="(Lorg/apache/hc/client5/http/impl/classic/HttpClientBuilder;Lorg/apache/maven/settings/Proxy;)V" line="77"><counter type="INSTRUCTION" missed="0" covered="17"/><counter type="LINE" missed="0" covered="3"/><counter type="COMPLEXITY" missed="0" covered="1"/><counter type="METHOD" missed="0" covered="1"/></method><counter type="INSTRUCTION" missed="42" covered="195"/><counter type="BRANCH" missed="1" covered="7"/><counter type="LINE" missed="4" covered="41"/><counter type="COMPLEXITY" missed="1" covered="10"/><counter type="METHOD" missed="0" covered="7"/><counter type="CLASS" missed="0" covered="1"/></class><class name="com/github/webdriverextensions/DriverInstaller" sourcefilename="DriverInstaller.java"><method name="&lt;init&gt;" desc="(Lcom/github/webdriverextensions/InstallDriversMojo;)V" line="20"><counter type="INSTRUCTION" missed="0" covered="14"/><counter type="LINE" missed="0" covered="4"/><counter type="COMPLEXITY" missed="0" covered="1"/><counter type="METHOD" missed="0" covered="1"/></method><method name="needInstallation" desc="(Lcom/github/webdriverextensions/Driver;)Z" line="27"><counter type="INSTRUCTION" missed="9" covered="13"/><counter type="BRANCH" missed="1" covered="3"/><counter type="LINE" missed="3" covered="1"/><counter type="COMPLEXITY" missed="1" covered="2"/><counter type="METHOD" missed="0" covered="1"/></method><method name="install" desc="(Lcom/github/webdriverextensions/Driver;Ljava/nio/file/Path;)V" line="35"><counter type="INSTRUCTION" missed="26" covered="95"/><counter type="BRANCH" missed="2" covered="6"/><counter type="LINE" missed="3" covered="15"/><counter type="COMPLEXITY" missed="2" covered="3"/><counter type="METHOD" missed="0" covered="1"/></method><method name="isInstalled" desc="(Lcom/github/webdriverextensions/Driver;)Z" line="61"><counter type="INSTRUCTION" missed="0" covered="12"/><counter type="LINE" missed="0" covered="2"/><counter type="COMPLEXITY" missed="0" covered="1"/><counter type="METHOD" missed="0" covered="1"/></method><method name="directoryIsEmpty" desc="(Ljava/nio/file/Path;)Z" line="66"><counter type="INSTRUCTION" missed="2" covered="7"/><counter type="BRANCH" missed="1" covered="1"/><counter type="LINE" missed="0" covered="1"/><counter type="COMPLEXITY" missed="1" covered="1"/><counter type="METHOD" missed="0" covered="1"/></method><method name="directoryContainsSingleFile" desc="(Ljava/nio/file/Path;)Z" line="70"><counter type="INSTRUCTION" missed="0" covered="19"/><counter type="BRANCH" missed="2" covered="4"/><counter type="LINE" missed="0" covered="2"/><counter type="COMPLEXITY" missed="2" covered="2"/><counter type="METHOD" missed="0" covered="1"/></method><method name="directoryContainsSingleDirectory" desc="(Ljava/nio/file/Path;)Z" line="75"><counter type="INSTRUCTION" missed="0" covered="19"/><counter type="BRANCH" missed="1" covered="5"/><counter type="LINE" missed="0" covered="2"/><counter type="COMPLEXITY" missed="1" covered="3"/><counter type="METHOD" missed="0" covered="1"/></method><method name="moveFileInDirectory" desc="(Ljava/nio/file/Path;Ljava/nio/file/Path;Ljava/lang/String;)V" line="80"><counter type="INSTRUCTION" missed="26" covered="60"/><counter type="BRANCH" missed="2" covered="2"/><counter type="LINE" missed="2" covered="8"/><counter type="COMPLEXITY" missed="2" covered="1"/><counter type="METHOD" missed="0" covered="1"/></method><method name="moveAllFilesInDirectory" desc="(Ljava/nio/file/Path;Ljava/nio/file/Path;)V" line="94"><counter type="INSTRUCTION" missed="20" covered="97"/><counter type="BRANCH" missed="0" covered="6"/><counter type="LINE" missed="2" covered="11"/><counter type="COMPLEXITY" missed="0" covered="4"/><counter type="METHOD" missed="0" covered="1"/></method><method name="makeExecutable" desc="(Ljava/nio/file/Path;)V" line="113"><counter type="INSTRUCTION" missed="4" covered="10"/><counter type="BRANCH" missed="2" covered="2"/><counter type="LINE" missed="1" covered="3"/><counter type="COMPLEXITY" missed="2" covered="1"/><counter type="METHOD" missed="0" covered="1"/></method><method name="&lt;clinit&gt;" desc="()V" line="16"><counter type="INSTRUCTION" missed="2" covered="6"/><counter type="BRANCH" missed="1" covered="1"/><counter type="LINE" missed="0" covered="1"/><counter type="COMPLEXITY" missed="1" covered="1"/><counter type="METHOD" missed="0" covered="1"/></method><counter type="INSTRUCTION" missed="89" covered="352"/><counter type="BRANCH" missed="12" covered="30"/><counter type="LINE" missed="11" covered="50"/><counter type="COMPLEXITY" missed="12" covered="20"/><counter type="METHOD" missed="0" covered="11"/><counter type="CLASS" missed="0" covered="1"/></class><class name="com/github/webdriverextensions/ComparableVersion$StringItem" sourcefilename="ComparableVersion.java"><method name="&lt;init&gt;" desc="(Ljava/lang/String;Z)V" line="168"><counter type="INSTRUCTION" missed="27" covered="0"/><counter type="BRANCH" missed="8" covered="0"/><counter type="LINE" missed="10" covered="0"/><counter type="COMPLEXITY" missed="6" covered="0"/><counter type="METHOD" missed="1" covered="0"/></method><method name="getType" desc="()I" line="191"><counter type="INSTRUCTION" missed="2" covered="0"/><counter type="LINE" missed="1" covered="0"/><counter type="COMPLEXITY" missed="1" covered="0"/><counter type="METHOD" missed="1" covered="0"/></method><method name="isNull" desc="()Z" line="197"><counter type="INSTRUCTION" missed="10" covered="0"/><counter type="BRANCH" missed="2" covered="0"/><counter type="LINE" missed="1" covered="0"/><counter type="COMPLEXITY" missed="2" covered="0"/><counter type="METHOD" missed="1" covered="0"/></method><method name="comparableQualifier" desc="(Ljava/lang/String;)Ljava/lang/String;" line="214"><counter type="INSTRUCTION" missed="22" covered="0"/><counter type="BRANCH" missed="2" covered="0"/><counter type="LINE" missed="2" covered="0"/><counter type="COMPLEXITY" missed="2" covered="0"/><counter type="METHOD" missed="1" covered="0"/></method><method name="compareTo" desc="(Lcom/github/webdriverextensions/ComparableVersion$Item;)I" line="222"><counter type="INSTRUCTION" missed="37" covered="0"/><counter type="BRANCH" missed="6" covered="0"/><counter type="LINE" missed="7" covered="0"/><counter type="COMPLEXITY" missed="5" covered="0"/><counter type="METHOD" missed="1" covered="0"/></method><method name="toString" desc="()Ljava/lang/String;" line="246"><counter type="INSTRUCTION" missed="3" covered="0"/><counter type="LINE" missed="1" covered="0"/><counter type="COMPLEXITY" missed="1" covered="0"/><counter type="METHOD" missed="1" covered="0"/></method><method name="&lt;clinit&gt;" desc="()V" line="147"><counter type="INSTRUCTION" missed="59" covered="0"/><counter type="LINE" missed="7" covered="0"/><counter type="COMPLEXITY" missed="1" covered="0"/><counter type="METHOD" missed="1" covered="0"/></method><counter type="INSTRUCTION" missed="160" covered="0"/><counter type="BRANCH" missed="18" covered="0"/><counter type="LINE" missed="29" covered="0"/><counter type="COMPLEXITY" missed="18" covered="0"/><counter type="METHOD" missed="7" covered="0"/><counter type="CLASS" missed="1" covered="0"/></class><class name="com/github/webdriverextensions/ComparableVersion" sourcefilename="ComparableVersion.java"><method name="&lt;init&gt;" desc="(Ljava/lang/String;)V" line="349"><counter type="INSTRUCTION" missed="0" covered="6"/><counter type="LINE" missed="0" covered="3"/><counter type="COMPLEXITY" missed="0" covered="1"/><counter type="METHOD" missed="0" covered="1"/></method><method name="parseVersion" desc="(Ljava/lang/String;)V" line="355"><counter type="INSTRUCTION" missed="88" covered="102"/><counter type="BRANCH" missed="17" covered="13"/><counter type="LINE" missed="16" covered="25"/><counter type="COMPLEXITY" missed="11" covered="5"/><counter type="METHOD" missed="0" covered="1"/></method><method name="parseItem" desc="(ZLjava/lang/String;)Lcom/github/webdriverextensions/ComparableVersion$Item;" line="450"><counter type="INSTRUCTION" missed="5" covered="8"/><counter type="BRANCH" missed="1" covered="1"/><counter type="LINE" missed="0" covered="1"/><counter type="COMPLEXITY" missed="1" covered="1"/><counter type="METHOD" missed="0" covered="1"/></method><method name="compareTo" desc="(Lcom/github/webdriverextensions/ComparableVersion;)I" line="456"><counter type="INSTRUCTION" missed="0" covered="6"/><counter type="LINE" missed="0" covered="1"/><counter type="COMPLEXITY" missed="0" covered="1"/><counter type="METHOD" missed="0" covered="1"/></method><method name="toString" desc="()Ljava/lang/String;" line="462"><counter type="INSTRUCTION" missed="3" covered="0"/><counter type="LINE" missed="1" covered="0"/><counter type="COMPLEXITY" missed="1" covered="0"/><counter type="METHOD" missed="1" covered="0"/></method><method name="equals" desc="(Ljava/lang/Object;)Z" line="468"><counter type="INSTRUCTION" missed="0" covered="14"/><counter type="BRANCH" missed="1" covered="3"/><counter type="LINE" missed="0" covered="1"/><counter type="COMPLEXITY" missed="1" covered="2"/><counter type="METHOD" missed="0" covered="1"/></method><method name="hashCode" desc="()I" line="474"><counter type="INSTRUCTION" missed="4" covered="0"/><counter type="LINE" missed="1" covered="0"/><counter type="COMPLEXITY" missed="1" covered="0"/><counter type="METHOD" missed="1" covered="0"/></method><counter type="INSTRUCTION" missed="100" covered="136"/><counter type="BRANCH" missed="19" covered="17"/><counter type="LINE" missed="18" covered="31"/><counter type="COMPLEXITY" missed="15" covered="10"/><counter type="METHOD" missed="2" covered="5"/><counter type="CLASS" missed="0" covered="1"/></class><class name="com/github/webdriverextensions/ComparableVersion$IntegerItem" sourcefilename="ComparableVersion.java"><method name="&lt;init&gt;" desc="()V" line="89"><counter type="INSTRUCTION" missed="0" covered="6"/><counter type="LINE" missed="0" covered="3"/><counter type="COMPLEXITY" missed="0" covered="1"/><counter type="METHOD" missed="0" covered="1"/></method><method name="&lt;init&gt;" desc="(Ljava/lang/String;)V" line="94"><counter type="INSTRUCTION" missed="0" covered="9"/><counter type="LINE" missed="0" covered="3"/><counter type="COMPLEXITY" missed="0" covered="1"/><counter type="METHOD" missed="0" covered="1"/></method><method name="getType" desc="()I" line="101"><counter type="INSTRUCTION" missed="0" covered="2"/><counter type="LINE" missed="0" covered="1"/><counter type="COMPLEXITY" missed="0" covered="1"/><counter type="METHOD" missed="0" covered="1"/></method><method name="isNull" desc="()Z" line="107"><counter type="INSTRUCTION" missed="0" covered="5"/><counter type="LINE" missed="0" covered="1"/><counter type="COMPLEXITY" missed="0" covered="1"/><counter type="METHOD" missed="0" covered="1"/></method><method name="compareTo" desc="(Lcom/github/webdriverextensions/ComparableVersion$Item;)I" line="113"><counter type="INSTRUCTION" missed="19" covered="19"/><counter type="BRANCH" missed="4" covered="4"/><counter type="LINE" missed="3" covered="4"/><counter type="COMPLEXITY" missed="4" covered="2"/><counter type="METHOD" missed="0" covered="1"/></method><method name="toString" desc="()Ljava/lang/String;" line="137"><counter type="INSTRUCTION" missed="0" covered="4"/><counter type="LINE" missed="0" covered="1"/><counter type="COMPLEXITY" missed="0" covered="1"/><counter type="METHOD" missed="0" covered="1"/></method><method name="&lt;clinit&gt;" desc="()V" line="82"><counter type="INSTRUCTION" missed="0" covered="10"/><counter type="LINE" missed="0" covered="2"/><counter type="COMPLEXITY" missed="0" covered="1"/><counter type="METHOD" missed="0" covered="1"/></method><counter type="INSTRUCTION" missed="19" covered="55"/><counter type="BRANCH" missed="4" covered="4"/><counter type="LINE" missed="3" covered="15"/><counter type="COMPLEXITY" missed="4" covered="8"/><counter type="METHOD" missed="0" covered="7"/><counter type="CLASS" missed="0" covered="1"/></class><class name="com/github/webdriverextensions/DriverComparator$ByVersion" sourcefilename="DriverComparator.java"><method name="&lt;init&gt;" desc="()V" line="39"><counter type="INSTRUCTION" missed="0" covered="3"/><counter type="LINE" missed="0" covered="1"/><counter type="COMPLEXITY" missed="0" covered="1"/><counter type="METHOD" missed="0" covered="1"/></method><method name="compare" desc="(Lcom/github/webdriverextensions/Driver;Lcom/github/webdriverextensions/Driver;)I" line="43"><counter type="INSTRUCTION" missed="11" covered="16"/><counter type="BRANCH" missed="8" covered="4"/><counter type="LINE" missed="2" covered="3"/><counter type="COMPLEXITY" missed="6" covered="1"/><counter type="METHOD" missed="0" covered="1"/></method><counter type="INSTRUCTION" missed="11" covered="19"/><counter type="BRANCH" missed="8" covered="4"/><counter type="LINE" missed="2" covered="4"/><counter type="COMPLEXITY" missed="6" covered="2"/><counter type="METHOD" missed="0" covered="2"/><counter type="CLASS" missed="0" covered="1"/></class><class name="com/github/webdriverextensions/DriverExtractor" sourcefilename="DriverExtractor.java"><method name="&lt;init&gt;" desc="(Lcom/github/webdriverextensions/InstallDriversMojo;)V" line="15"><counter type="INSTRUCTION" missed="0" covered="6"/><counter type="LINE" missed="0" covered="3"/><counter type="COMPLEXITY" missed="0" covered="1"/><counter type="METHOD" missed="0" covered="1"/></method><method name="extractDriver" desc="(Lcom/github/webdriverextensions/Driver;Ljava/nio/file/Path;)Ljava/nio/file/Path;" line="20"><counter type="INSTRUCTION" missed="23" covered="68"/><counter type="BRANCH" missed="0" covered="2"/><counter type="LINE" missed="2" covered="9"/><counter type="COMPLEXITY" missed="0" covered="2"/><counter type="METHOD" missed="0" covered="1"/></method><counter type="INSTRUCTION" missed="23" covered="74"/><counter type="BRANCH" missed="0" covered="2"/><counter type="LINE" missed="2" covered="12"/><counter type="COMPLEXITY" missed="0" covered="3"/><counter type="METHOD" missed="0" covered="2"/><counter type="CLASS" missed="0" covered="1"/></class><class name="com/github/webdriverextensions/ComparableVersion$Item" sourcefilename="ComparableVersion.java"/><class name="com/github/webdriverextensions/ProxyUtils" sourcefilename="ProxyUtils.java"><method name="createProxyFromSettings" desc="(Lorg/apache/maven/settings/Proxy;)Ljava/util/Optional;" line="18"><counter type="INSTRUCTION" missed="0" covered="5"/><counter type="LINE" missed="0" covered="1"/><counter type="COMPLEXITY" missed="0" covered="1"/><counter type="METHOD" missed="0" covered="1"/></method><method name="createProxyCredentialsFromSettings" desc="(Lorg/apache/maven/settings/Proxy;)Ljava/util/Optional;" line="22"><counter type="INSTRUCTION" missed="0" covered="7"/><counter type="LINE" missed="0" covered="3"/><counter type="COMPLEXITY" missed="0" covered="1"/><counter type="METHOD" missed="0" covered="1"/></method><method name="getProxyFromSettings" desc="(Lorg/apache/maven/settings/Settings;Ljava/lang/String;)Ljava/util/Optional;" line="32"><counter type="INSTRUCTION" missed="0" covered="16"/><counter type="BRANCH" missed="0" covered="2"/><counter type="LINE" missed="0" covered="7"/><counter type="COMPLEXITY" missed="0" covered="2"/><counter type="METHOD" missed="0" covered="1"/></method><method name="lambda$getProxyFromSettings$4" desc="(Lorg/apache/maven/settings/Proxy;)Z" line="39"><counter type="INSTRUCTION" missed="6" covered="8"/><counter type="BRANCH" missed="3" covered="1"/><counter type="LINE" missed="0" covered="1"/><counter type="COMPLEXITY" missed="2" covered="1"/><counter type="METHOD" missed="0" covered="1"/></method><method name="lambda$getProxyFromSettings$3" desc="(Ljava/lang/String;Lorg/apache/maven/settings/Proxy;)Z" line="38"><counter type="INSTRUCTION" missed="1" covered="8"/><counter type="BRANCH" missed="1" covered="1"/><counter type="LINE" missed="0" covered="1"/><counter type="COMPLEXITY" missed="1" covered="1"/><counter type="METHOD" missed="0" covered="1"/></method><method name="lambda$createProxyCredentialsFromSettings$2" desc="(Lorg/apache/maven/settings/Proxy;)Lorg/apache/hc/client5/http/auth/CredentialsProvider;" line="25"><counter type="INSTRUCTION" missed="0" covered="23"/><counter type="LINE" missed="0" covered="3"/><counter type="COMPLEXITY" missed="0" covered="1"/><counter type="METHOD" missed="0" covered="1"/></method><method name="lambda$createProxyCredentialsFromSettings$1" desc="(Lorg/apache/maven/settings/Proxy;)Z" line="23"><counter type="INSTRUCTION" missed="5" covered="6"/><counter type="BRANCH" missed="3" covered="1"/><counter type="LINE" missed="0" covered="1"/><counter type="COMPLEXITY" missed="2" covered="1"/><counter type="METHOD" missed="0" covered="1"/></method><method name="lambda$createProxyFromSettings$0" desc="(Lorg/apache/maven/settings/Proxy;)Lorg/apache/hc/core5/http/HttpHost;" line="18"><counter type="INSTRUCTION" missed="0" covered="8"/><counter type="LINE" missed="0" covered="1"/><counter type="COMPLEXITY" missed="0" covered="1"/><counter type="METHOD" missed="0" covered="1"/></method><counter type="INSTRUCTION" missed="12" covered="81"/><counter type="BRANCH" missed="7" covered="5"/><counter type="LINE" missed="0" covered="14"/><counter type="COMPLEXITY" missed="5" covered="9"/><counter type="METHOD" missed="0" covered="8"/><counter type="CLASS" missed="0" covered="1"/></class><class name="com/github/webdriverextensions/InstallDriversMojo" sourcefilename="InstallDriversMojo.java"><method name="&lt;init&gt;" desc="()V" line="133"><counter type="INSTRUCTION" missed="0" covered="8"/><counter type="LINE" missed="0" covered="3"/><counter type="COMPLEXITY" missed="0" covered="1"/><counter type="METHOD" missed="0" covered="1"/></method><method name="setupDirectories" desc="()V" line="206"><counter type="INSTRUCTION" missed="7" covered="42"/><counter type="BRANCH" missed="0" covered="4"/><counter type="LINE" missed="2" covered="8"/><counter type="COMPLEXITY" missed="0" covered="3"/><counter type="METHOD" missed="0" covered="1"/></method><method name="execute" desc="()V" line="222"><counter type="INSTRUCTION" missed="21" covered="110"/><counter type="BRANCH" missed="2" covered="14"/><counter type="LINE" missed="4" covered="21"/><counter type="COMPLEXITY" missed="2" covered="7"/><counter type="METHOD" missed="0" covered="1"/></method><method name="performInstallation" desc="()V" line="263"><counter type="INSTRUCTION" missed="9" covered="59"/><counter type="BRANCH" missed="1" covered="1"/><counter type="LINE" missed="2" covered="16"/><counter type="COMPLEXITY" missed="1" covered="1"/><counter type="METHOD" missed="0" covered="1"/></method><method name="getDownloader" desc="()Lcom/github/webdriverextensions/DriverDownloader;" line="298"><counter type="INSTRUCTION" missed="5" covered="0"/><counter type="LINE" missed="1" covered="0"/><counter type="COMPLEXITY" missed="1" covered="0"/><counter type="METHOD" missed="1" covered="0"/></method><method name="cleanupWorkingDirectory" desc="()V" line="303"><counter type="INSTRUCTION" missed="19" covered="5"/><counter type="LINE" missed="3" covered="3"/><counter type="COMPLEXITY" missed="0" covered="1"/><counter type="METHOD" missed="0" covered="1"/></method><method name="cleanupTempDirectory" desc="()V" line="312"><counter type="INSTRUCTION" missed="18" covered="6"/><counter type="LINE" missed="3" covered="3"/><counter type="COMPLEXITY" missed="0" covered="1"/><counter type="METHOD" missed="0" covered="1"/></method><method name="lambda$performInstallation$3" desc="(Lcom/github/webdriverextensions/DriverInstaller;Lorg/jooq/lambda/tuple/Tuple2;)V" line="285"><counter type="INSTRUCTION" missed="0" covered="9"/><counter type="LINE" missed="0" covered="2"/><counter type="COMPLEXITY" missed="0" covered="1"/><counter type="METHOD" missed="0" covered="1"/></method><method name="lambda$performInstallation$2" desc="(Lcom/github/webdriverextensions/DriverExtractor;Lorg/jooq/lambda/tuple/Tuple2;)Lorg/jooq/lambda/tuple/Tuple2;" line="280"><counter type="INSTRUCTION" missed="0" covered="15"/><counter type="LINE" missed="0" covered="2"/><counter type="COMPLEXITY" missed="0" covered="1"/><counter type="METHOD" missed="0" covered="1"/></method><method name="lambda$performInstallation$1" desc="(Lcom/github/webdriverextensions/DriverDownloader;Lcom/github/webdriverextensions/Driver;)Lorg/jooq/lambda/tuple/Tuple2;" line="274"><counter type="INSTRUCTION" missed="0" covered="15"/><counter type="LINE" missed="0" covered="3"/><counter type="COMPLEXITY" missed="0" covered="1"/><counter type="METHOD" missed="0" covered="1"/></method><method name="lambda$performInstallation$0" desc="(Lcom/github/webdriverextensions/Driver;)V" line="271"><counter type="INSTRUCTION" missed="0" covered="16"/><counter type="LINE" missed="0" covered="1"/><counter type="COMPLEXITY" missed="0" covered="1"/><counter type="METHOD" missed="0" covered="1"/></method><counter type="INSTRUCTION" missed="79" covered="285"/><counter type="BRANCH" missed="3" covered="19"/><counter type="LINE" missed="15" covered="61"/><counter type="COMPLEXITY" missed="4" covered="18"/><counter type="METHOD" missed="1" covered="10"/><counter type="CLASS" missed="0" covered="1"/></class><class name="com/github/webdriverextensions/ComparableVersion$ListItem" sourcefilename="ComparableVersion.java"><method name="getType" desc="()I" line="261"><counter type="INSTRUCTION" missed="0" covered="2"/><counter type="LINE" missed="0" covered="1"/><counter type="COMPLEXITY" missed="0" covered="1"/><counter type="METHOD" missed="0" covered="1"/></method><method name="isNull" desc="()Z" line="267"><counter type="INSTRUCTION" missed="3" covered="0"/><counter type="LINE" missed="1" covered="0"/><counter type="COMPLEXITY" missed="1" covered="0"/><counter type="METHOD" missed="1" covered="0"/></method><method name="normalize" desc="()V" line="272"><counter type="INSTRUCTION" missed="0" covered="19"/><counter type="BRANCH" missed="1" covered="3"/><counter type="LINE" missed="0" covered="6"/><counter type="COMPLEXITY" missed="1" covered="2"/><counter type="METHOD" missed="0" covered="1"/></method><method name="compareTo" desc="(Lcom/github/webdriverextensions/ComparableVersion$Item;)I" line="289"><counter type="INSTRUCTION" missed="33" covered="57"/><counter type="BRANCH" missed="7" covered="15"/><counter type="LINE" missed="7" covered="12"/><counter type="COMPLEXITY" missed="6" covered="7"/><counter type="METHOD" missed="0" covered="1"/></method><method name="toString" desc="()Ljava/lang/String;" line="334"><counter type="INSTRUCTION" missed="0" covered="31"/><counter type="BRANCH" missed="0" covered="4"/><counter type="LINE" missed="0" covered="7"/><counter type="COMPLEXITY" missed="0" covered="3"/><counter type="METHOD" missed="0" covered="1"/></method><counter type="INSTRUCTION" missed="36" covered="109"/><counter type="BRANCH" missed="8" covered="22"/><counter type="LINE" missed="8" covered="26"/><counter type="COMPLEXITY" missed="8" covered="13"/><counter type="METHOD" missed="1" covered="4"/><counter type="CLASS" missed="0" covered="1"/></class><class name="com/github/webdriverextensions/Repository" sourcefilename="Repository.java"><method name="&lt;init&gt;" desc="()V" line="24"><counter type="INSTRUCTION" missed="0" covered="3"/><counter type="LINE" missed="0" covered="1"/><counter type="COMPLEXITY" missed="0" covered="1"/><counter type="METHOD" missed="0" covered="1"/></method><method name="load" desc="(Ljava/net/URL;Ljava/util/Optional;)Lcom/github/webdriverextensions/Repository;" line="32"><counter type="INSTRUCTION" missed="0" covered="63"/><counter type="LINE" missed="0" covered="15"/><counter type="COMPLEXITY" missed="0" covered="1"/><counter type="METHOD" missed="0" covered="1"/></method><method name="driversComparator" desc="()Ljava/util/Comparator;" line="56"><counter type="INSTRUCTION" missed="0" covered="13"/><counter type="LINE" missed="0" covered="3"/><counter type="COMPLEXITY" missed="0" covered="1"/><counter type="METHOD" missed="0" covered="1"/></method><method name="downloadAsString" desc="(Ljava/net/URI;Ljava/util/Optional;)Ljava/lang/String;" line="65"><counter type="INSTRUCTION" missed="0" covered="32"/><counter type="BRANCH" missed="0" covered="2"/><counter type="LINE" missed="0" covered="6"/><counter type="COMPLEXITY" missed="0" covered="2"/><counter type="METHOD" missed="0" covered="1"/></method><method name="getDrivers" desc="(Ljava/lang/String;Ljava/lang/String;Ljava/lang/String;Ljava/lang/String;)Ljava/util/List;" line="79"><counter type="INSTRUCTION" missed="0" covered="9"/><counter type="LINE" missed="0" covered="1"/><counter type="COMPLEXITY" missed="0" covered="1"/><counter type="METHOD" missed="0" covered="1"/></method><method name="filterDrivers" desc="(Ljava/util/List;Ljava/lang/String;Ljava/lang/String;Ljava/lang/String;Ljava/lang/String;)Ljava/util/List;" line="83"><counter type="INSTRUCTION" missed="0" covered="18"/><counter type="LINE" missed="0" covered="6"/><counter type="COMPLEXITY" missed="0" covered="1"/><counter type="METHOD" missed="0" covered="1"/></method><method name="enrichDriver" desc="(Lcom/github/webdriverextensions/Driver;)Lcom/github/webdriverextensions/Driver;" line="92"><counter type="INSTRUCTION" missed="12" covered="131"/><counter type="BRANCH" missed="2" covered="22"/><counter type="LINE" missed="1" covered="27"/><counter type="COMPLEXITY" missed="2" covered="11"/><counter type="METHOD" missed="0" covered="1"/></method><method name="transferCustomFileName" desc="(Lcom/github/webdriverextensions/Driver;Lcom/github/webdriverextensions/Driver;)Lcom/github/webdriverextensions/Driver;" line="143"><counter type="INSTRUCTION" missed="0" covered="10"/><counter type="BRANCH" missed="0" covered="2"/><counter type="LINE" missed="0" covered="3"/><counter type="COMPLEXITY" missed="0" covered="2"/><counter type="METHOD" missed="0" covered="1"/></method><method name="getLatestDrivers" desc="()Ljava/util/List;" line="151"><counter type="INSTRUCTION" missed="0" covered="20"/><counter type="LINE" missed="0" covered="8"/><counter type="COMPLEXITY" missed="0" covered="1"/><counter type="METHOD" missed="0" covered="1"/></method><method name="getDriverByBit" desc="(Ljava/lang/String;Ljava/util/List;)Lcom/github/webdriverextensions/Driver;" line="176"><counter type="INSTRUCTION" missed="0" covered="12"/><counter type="LINE" missed="0" covered="2"/><counter type="COMPLEXITY" missed="0" covered="1"/><counter type="METHOD" missed="0" covered="1"/></method><method name="detectBits" desc="(Ljava/lang/String;)Ljava/lang/String;" line="182"><counter type="INSTRUCTION" missed="0" covered="14"/><counter type="BRANCH" missed="0" covered="6"/><counter type="LINE" missed="0" covered="5"/><counter type="COMPLEXITY" missed="0" covered="4"/><counter type="METHOD" missed="0" covered="1"/></method><method name="detectPlatform" desc="()Ljava/lang/String;" line="194"><counter type="INSTRUCTION" missed="0" covered="10"/><counter type="BRANCH" missed="0" covered="4"/><counter type="LINE" missed="0" covered="5"/><counter type="COMPLEXITY" missed="0" covered="3"/><counter type="METHOD" missed="0" covered="1"/></method><method name="getLatestDriverVersion" desc="(Ljava/lang/String;)Ljava/lang/String;" line="203"><counter type="INSTRUCTION" missed="0" covered="15"/><counter type="LINE" missed="0" covered="5"/><counter type="COMPLEXITY" missed="0" covered="1"/><counter type="METHOD" missed="0" covered="1"/></method><method name="filterLatestDriver" desc="(Ljava/util/List;)Lcom/github/webdriverextensions/Driver;" line="211"><counter type="INSTRUCTION" missed="0" covered="9"/><counter type="LINE" missed="0" covered="1"/><counter type="COMPLEXITY" missed="0" covered="1"/><counter type="METHOD" missed="0" covered="1"/></method><method name="toString" desc="()Ljava/lang/String;" line="216"><counter type="INSTRUCTION" missed="0" covered="8"/><counter type="LINE" missed="0" covered="1"/><counter type="COMPLEXITY" missed="0" covered="1"/><counter type="METHOD" missed="0" covered="1"/></method><method name="lambda$getLatestDriverVersion$6" desc="(Ljava/lang/String;Lcom/github/webdriverextensions/Driver;)Z" line="204"><counter type="INSTRUCTION" missed="0" covered="5"/><counter type="LINE" missed="0" covered="1"/><counter type="COMPLEXITY" missed="0" covered="1"/><counter type="METHOD" missed="0" covered="1"/></method><method name="lambda$getLatestDrivers$5" desc="(Ljava/lang/String;Ljava/lang/String;)Lcom/github/webdriverextensions/Driver;" line="156"><counter type="INSTRUCTION" missed="0" covered="36"/><counter type="BRANCH" missed="0" covered="6"/><counter type="LINE" missed="0" covered="11"/><counter type="COMPLEXITY" missed="0" covered="4"/><counter type="METHOD" missed="0" covered="1"/></method><method name="lambda$filterDrivers$4" desc="(Ljava/lang/String;Lcom/github/webdriverextensions/Driver;)Z" line="87"><counter type="INSTRUCTION" missed="0" covered="12"/><counter type="BRANCH" missed="0" covered="2"/><counter type="LINE" missed="0" covered="1"/><counter type="COMPLEXITY" missed="0" covered="2"/><counter type="METHOD" missed="0" covered="1"/></method><method name="lambda$filterDrivers$3" desc="(Ljava/lang/String;Lcom/github/webdriverextensions/Driver;)Z" line="86"><counter type="INSTRUCTION" missed="0" covered="9"/><counter type="BRANCH" missed="0" covered="2"/><counter type="LINE" missed="0" covered="1"/><counter type="COMPLEXITY" missed="0" covered="2"/><counter type="METHOD" missed="0" covered="1"/></method><method name="lambda$filterDrivers$2" desc="(Ljava/lang/String;Lcom/github/webdriverextensions/Driver;)Z" line="85"><counter type="INSTRUCTION" missed="0" covered="9"/><counter type="BRANCH" missed="0" covered="2"/><counter type="LINE" missed="0" covered="1"/><counter type="COMPLEXITY" missed="0" covered="2"/><counter type="METHOD" missed="0" covered="1"/></method><method name="lambda$filterDrivers$1" desc="(Ljava/lang/String;Lcom/github/webdriverextensions/Driver;)Z" line="84"><counter type="INSTRUCTION" missed="0" covered="9"/><counter type="BRANCH" missed="0" covered="2"/><counter type="LINE" missed="0" covered="1"/><counter type="COMPLEXITY" missed="0" covered="2"/><counter type="METHOD" missed="0" covered="1"/></method><method name="lambda$downloadAsString$0" desc="(Lorg/apache/hc/client5/http/impl/classic/HttpClientBuilder;Lorg/apache/maven/settings/Proxy;)V" line="70"><counter type="INSTRUCTION" missed="17" covered="0"/><counter type="LINE" missed="3" covered="0"/><counter type="COMPLEXITY" missed="1" covered="0"/><counter type="METHOD" missed="1" covered="0"/></method><counter type="INSTRUCTION" missed="29" covered="447"/><counter type="BRANCH" missed="2" covered="50"/><counter type="LINE" missed="4" covered="100"/><counter type="COMPLEXITY" missed="3" covered="45"/><counter type="METHOD" missed="1" covered="21"/><counter type="CLASS" missed="0" covered="1"/></class><sourcefile name="Repository.java"><line nr="24" mi="0" ci="3" mb="0" cb="0"/><line nr="32" mi="0" ci="5" mb="0" cb="0"/><line nr="33" mi="0" ci="1" mb="0" cb="0"/><line nr="34" mi="0" ci="14" mb="0" cb="0"/><line nr="36" mi="0" ci="1" mb="0" cb="0"/><line nr="38" mi="0" ci="4" mb="0" cb="0"/><line nr="40" mi="0" ci="5" mb="0" cb="0"/><line nr="41" mi="0" ci="4" mb="0" cb="0"/><line nr="42" mi="0" ci="1" mb="0" cb="0"/><line nr="43" mi="0" ci="3" mb="0" cb="0"/><line nr="44" mi="0" ci="4" mb="0" cb="0"/><line nr="46" mi="0" ci="1" mb="0" cb="0"/><line nr="47" mi="0" ci="13" mb="0" cb="0"/><line nr="48" mi="0" ci="1" mb="0" cb="0"/><line nr="50" mi="0" ci="4" mb="0" cb="0"/><line nr="52" mi="0" ci="2" mb="0" cb="0"/><line nr="56" mi="0" ci="4" mb="0" cb="0"/><line nr="58" mi="0" ci="5" mb="0" cb="0"/><line nr="60" mi="0" ci="4" mb="0" cb="0"/><line nr="65" mi="0" ci="5" mb="0" cb="2"/><line nr="66" mi="0" ci="4" mb="0" cb="0"/><line nr="68" mi="0" ci="3" mb="0" cb="0"/><line nr="69" mi="0" ci="4" mb="0" cb="0"/><line nr="70" mi="8" ci="0" mb="0" cb="0"/><line nr="71" mi="8" ci="0" mb="0" cb="0"/><line nr="72" mi="1" ci="0" mb="0" cb="0"/><line nr="73" mi="0" ci="3" mb="0" cb="0"/><line nr="74" mi="0" ci="13" mb="0" cb="0"/><line nr="79" mi="0" ci="9" mb="0" cb="0"/><line nr="83" mi="0" ci="5" mb="0" cb="0"/><line nr="84" mi="0" ci="12" mb="0" cb="2"/><line nr="85" mi="0" ci="12" mb="0" cb="2"/><line nr="86" mi="0" ci="12" mb="0" cb="2"/><line nr="87" mi="0" ci="13" mb="0" cb="2"/><line nr="88" mi="0" ci="3" mb="0" cb="0"/><line nr="92" mi="0" ci="4" mb="1" cb="1"/><line nr="93" mi="12" ci="0" mb="0" cb="0"/><line nr="95" mi="0" ci="4" mb="0" cb="2"/><line nr="96" mi="0" ci="2" mb="0" cb="0"/><line nr="98" mi="0" ci="12" mb="1" cb="5"/><line nr="100" mi="0" ci="12" mb="0" cb="2"/><line nr="101" mi="0" ci="11" mb="0" cb="0"/><line nr="102" mi="0" ci="9" mb="0" cb="0"/><line nr="107" mi="0" ci="4" mb="0" cb="2"/><line nr="108" mi="0" ci="3" mb="0" cb="0"/><line nr="110" mi="0" ci="4" mb="0" cb="2"/><line nr="111" mi="0" ci="5" mb="0" cb="0"/><line nr="113" mi="0" ci="4" mb="0" cb="2"/><line nr="114" mi="0" ci="6" mb="0" cb="0"/><line nr="117" mi="0" ci="6" mb="0" cb="0"/><line nr="118" mi="0" ci="2" mb="0" cb="0"/><line nr="119" mi="0" ci="2" mb="0" cb="0"/><line nr="120" mi="0" ci="1" mb="0" cb="0"/><line nr="121" mi="0" ci="3" mb="0" cb="2"/><line nr="122" mi="0" ci="5" mb="0" cb="2"/><line nr="124" mi="0" ci="6" mb="0" cb="0"/><line nr="125" mi="0" ci="3" mb="0" cb="0"/><line nr="127" mi="0" ci="1" mb="0" cb="0"/><line nr="129" mi="0" ci="3" mb="0" cb="2"/><line nr="131" mi="0" ci="2" mb="0" cb="0"/><line nr="133" mi="0" ci="7" mb="0" cb="0"/><line nr="135" mi="0" ci="2" mb="0" cb="0"/><line nr="138" mi="0" ci="8" mb="0" cb="0"/><line nr="143" mi="0" ci="4" mb="0" cb="2"/><line nr="144" mi="0" ci="4" mb="0" cb="0"/><line nr="147" mi="0" ci="2" mb="0" cb="0"/><line nr="151" mi="0" ci="2" mb="0" cb="0"/><line nr="152" mi="0" ci="5" mb="0" cb="0"/><line nr="153" mi="0" ci="1" mb="0" cb="0"/><line nr="154" mi="0" ci="4" mb="0" cb="0"/><line nr="155" mi="0" ci="2" mb="0" cb="0"/><line nr="156" mi="0" ci="7" mb="0" cb="0"/><line nr="157" mi="0" ci="3" mb="0" cb="0"/><line nr="158" mi="0" ci="4" mb="0" cb="0"/><line nr="159" mi="0" ci="5" mb="0" cb="0"/><line nr="160" mi="0" ci="2" mb="0" cb="2"/><line nr="161" mi="0" ci="2" mb="0" cb="0"/><line nr="162" mi="0" ci="2" mb="0" cb="2"/><line nr="163" mi="0" ci="5" mb="0" cb="0"/><line nr="164" mi="0" ci="2" mb="0" cb="2"/><line nr="165" mi="0" ci="2" mb="0" cb="0"/><line nr="168" mi="0" ci="2" mb="0" cb="0"/><line nr="170" mi="0" ci="1" mb="0" cb="0"/><line nr="171" mi="0" ci="2" mb="0" cb="0"/><line nr="172" mi="0" ci="3" mb="0" cb="0"/><line nr="176" mi="0" ci="8" mb="0" cb="0"/><line nr="177" mi="0" ci="4" mb="0" cb="0"/><line nr="182" mi="0" ci="6" mb="0" cb="4"/><line nr="183" mi="0" ci="2" mb="0" cb="0"/><line nr="187" mi="0" ci="2" mb="0" cb="2"/><line nr="188" mi="0" ci="2" mb="0" cb="0"/><line nr="190" mi="0" ci="2" mb="0" cb="0"/><line nr="194" mi="0" ci="2" mb="0" cb="2"/><line nr="195" mi="0" ci="2" mb="0" cb="0"/><line nr="196" mi="0" ci="2" mb="0" cb="2"/><line nr="197" mi="0" ci="2" mb="0" cb="0"/><line nr="199" mi="0" ci="2" mb="0" cb="0"/><line nr="203" mi="0" ci="6" mb="0" cb="0"/><line nr="204" mi="0" ci="6" mb="0" cb="0"/><line nr="205" mi="0" ci="2" mb="0" cb="0"/><line nr="206" mi="0" ci="2" mb="0" cb="0"/><line nr="207" mi="0" ci="4" mb="0" cb="0"/><line nr="211" mi="0" ci="9" mb="0" cb="0"/><line nr="216" mi="0" ci="8" mb="0" cb="0"/><counter type="INSTRUCTION" missed="29" covered="447"/><counter type="BRANCH" missed="2" covered="50"/><counter type="LINE" missed="4" covered="100"/><counter type="COMPLEXITY" missed="3" covered="45"/><counter type="METHOD" missed="1" covered="21"/><counter type="CLASS" missed="0" covered="1"/></sourcefile><sourcefile name="Driver.java"><line nr="30" mi="0" ci="7" mb="1" cb="3"/><line nr="31" mi="0" ci="3" mb="0" cb="0"/><line nr="34" mi="2" ci="38" mb="2" cb="2"/><line nr="38" mi="0" ci="7" mb="0" cb="0"/><line nr="39" mi="1" ci="14" mb="1" cb="1"/><line nr="40" mi="1" ci="16" mb="1" cb="1"/><line nr="41" mi="1" ci="15" mb="1" cb="1"/><line nr="45" mi="0" ci="6" mb="0" cb="0"/><line nr="49" mi="0" ci="5" mb="0" cb="2"/><line nr="50" mi="0" ci="10" mb="0" cb="0"/><line nr="52" mi="0" ci="3" mb="0" cb="0"/><line nr="58" mi="0" ci="7" mb="0" cb="0"/><line nr="59" mi="0" ci="5" mb="0" cb="0"/><line nr="60" mi="1" ci="0" mb="0" cb="0"/><line nr="61" mi="5" ci="0" mb="0" cb="0"/><line nr="67" mi="0" ci="8" mb="0" cb="0"/><line nr="72" mi="0" ci="10" mb="0" cb="0"/><line nr="73" mi="0" ci="1" mb="0" cb="0"/><line nr="74" mi="0" ci="4" mb="0" cb="0"/><counter type="INSTRUCTION" missed="11" covered="159"/><counter type="BRANCH" missed="6" covered="10"/><counter type="LINE" missed="2" covered="17"/><counter type="COMPLEXITY" missed="6" covered="9"/><counter type="METHOD" missed="0" covered="7"/><counter type="CLASS" missed="0" covered="1"/></sourcefile><sourcefile name="DriverInstaller.java"><line nr="16" mi="2" ci="6" mb="1" cb="1"/><line nr="20" mi="0" ci="2" mb="0" cb="0"/><line nr="21" mi="0" ci="3" mb="0" cb="0"/><line nr="22" mi="0" ci="8" mb="0" cb="0"/><line nr="23" mi="0" ci="1" mb="0" cb="0"/><line nr="27" mi="0" ci="13" mb="1" cb="3"/><line nr="28" mi="1" ci="0" mb="0" cb="0"/><line nr="29" mi="6" ci="0" mb="0" cb="0"/><line nr="30" mi="2" ci="0" mb="0" cb="0"/><line nr="35" mi="0" ci="17" mb="0" cb="0"/><line nr="36" mi="0" ci="8" mb="2" cb="2"/><line nr="37" mi="8" ci="0" mb="0" cb="0"/><line nr="41" mi="0" ci="8" mb="0" cb="0"/><line nr="42" mi="0" ci="4" mb="0" cb="2"/><line nr="43" mi="0" ci="7" mb="0" cb="0"/><line nr="44" mi="0" ci="10" mb="0" cb="0"/><line nr="45" mi="0" ci="5" mb="0" cb="2"/><line nr="46" mi="0" ci="3" mb="0" cb="0"/><line nr="47" mi="0" ci="8" mb="0" cb="0"/><line nr="48" mi="0" ci="8" mb="0" cb="0"/><line nr="49" mi="0" ci="1" mb="0" cb="0"/><line nr="50" mi="0" ci="10" mb="0" cb="0"/><line nr="53" mi="0" ci="4" mb="0" cb="0"/><line nr="54" mi="1" ci="0" mb="0" cb="0"/><line nr="55" mi="17" ci="0" mb="0" cb="0"/><line nr="56" mi="0" ci="1" mb="0" cb="0"/><line nr="58" mi="0" ci="1" mb="0" cb="0"/><line nr="61" mi="0" ci="8" mb="0" cb="0"/><line nr="62" mi="0" ci="4" mb="0" cb="0"/><line nr="66" mi="2" ci="7" mb="1" cb="1"/><line nr="70" mi="0" ci="4" mb="0" cb="0"/><line nr="71" mi="0" ci="15" mb="2" cb="4"/><line nr="75" mi="0" ci="4" mb="0" cb="0"/><line nr="76" mi="0" ci="15" mb="1" cb="5"/><line nr="80" mi="4" ci="6" mb="2" cb="2"/><line nr="82" mi="0" ci="7" mb="0" cb="0"/><line nr="83" mi="0" ci="8" mb="0" cb="0"/><line nr="84" mi="0" ci="20" mb="0" cb="0"/><line nr="85" mi="0" ci="5" mb="0" cb="0"/><line nr="86" mi="0" ci="12" mb="0" cb="0"/><line nr="87" mi="1" ci="0" mb="0" cb="0"/><line nr="88" mi="21" ci="0" mb="0" cb="0"/><line nr="89" mi="0" ci="1" mb="0" cb="0"/><line nr="90" mi="0" ci="1" mb="0" cb="0"/><line nr="94" mi="0" ci="5" mb="0" cb="0"/><line nr="95" mi="0" ci="18" mb="0" cb="2"/><line nr="96" mi="0" ci="20" mb="0" cb="0"/><line nr="97" mi="0" ci="7" mb="0" cb="0"/><line nr="98" mi="0" ci="5" mb="0" cb="4"/><line nr="100" mi="0" ci="15" mb="0" cb="0"/><line nr="101" mi="0" ci="3" mb="0" cb="0"/><line nr="103" mi="0" ci="15" mb="0" cb="0"/><line nr="105" mi="0" ci="7" mb="0" cb="0"/><line nr="107" mi="1" ci="0" mb="0" cb="0"/><line nr="108" mi="19" ci="0" mb="0" cb="0"/><line nr="109" mi="0" ci="1" mb="0" cb="0"/><line nr="110" mi="0" ci="1" mb="0" cb="0"/><line nr="113" mi="0" ci="3" mb="0" cb="0"/><line nr="114" mi="0" ci="6" mb="2" cb="2"/><line nr="115" mi="4" ci="0" mb="0" cb="0"/><line nr="117" mi="0" ci="1" mb="0" cb="0"/><counter type="INSTRUCTION" missed="89" covered="352"/><counter type="BRANCH" missed="12" covered="30"/><counter type="LINE" missed="11" covered="50"/><counter type="COMPLEXITY" missed="12" covered="20"/><counter type="METHOD" missed="0" covered="11"/><counter type="CLASS" missed="0" covered="1"/></sourcefile><sourcefile name="DriverVersionHandler.java"><line nr="15" mi="0" ci="2" mb="0" cb="0"/><line nr="16" mi="0" ci="3" mb="0" cb="0"/><line nr="17" mi="0" ci="1" mb="0" cb="0"/><line nr="20" mi="0" ci="4" mb="0" cb="0"/><line nr="21" mi="0" ci="3" mb="0" cb="0"/><line nr="24" mi="0" ci="19" mb="0" cb="0"/><line nr="25" mi="0" ci="1" mb="0" cb="0"/><line nr="26" mi="0" ci="14" mb="0" cb="0"/><line nr="27" mi="0" ci="1" mb="0" cb="0"/><line nr="28" mi="0" ci="1" mb="0" cb="0"/><line nr="31" mi="0" ci="13" mb="0" cb="0"/><line nr="36" mi="0" ci="4" mb="0" cb="0"/><line nr="37" mi="0" ci="8" mb="1" cb="3"/><line nr="38" mi="0" ci="2" mb="0" cb="0"/><line nr="40" mi="0" ci="6" mb="0" cb="0"/><line nr="41" mi="0" ci="5" mb="0" cb="0"/><line nr="42" mi="1" ci="0" mb="0" cb="0"/><line nr="43" mi="14" ci="0" mb="0" cb="0"/><counter type="INSTRUCTION" missed="15" covered="87"/><counter type="BRANCH" missed="1" covered="3"/><counter type="LINE" missed="2" covered="16"/><counter type="COMPLEXITY" missed="1" covered="5"/><counter type="METHOD" missed="0" covered="4"/><counter type="CLASS" missed="0" covered="1"/></sourcefile><sourcefile name="HelpMojo.java"><line nr="28" mi="3" ci="0" mb="0" cb="0"/><line nr="68" mi="4" ci="0" mb="0" cb="0"/><line nr="69" mi="5" ci="0" mb="0" cb="0"/><line nr="71" mi="2" ci="0" mb="0" cb="0"/><line nr="72" mi="3" ci="0" mb="0" cb="0"/><line nr="73" mi="6" ci="0" mb="0" cb="0"/><line nr="75" mi="1" ci="0" mb="0" cb="0"/><line nr="77" mi="7" ci="0" mb="0" cb="0"/><line nr="79" mi="1" ci="0" mb="0" cb="0"/><line nr="81" mi="7" ci="0" mb="0" cb="0"/><line nr="83" mi="1" ci="0" mb="0" cb="0"/><line nr="85" mi="7" ci="0" mb="0" cb="0"/><line nr="96" mi="3" ci="0" mb="2" cb="0"/><line nr="98" mi="4" ci="0" mb="0" cb="0"/><line nr="99" mi="3" ci="0" mb="0" cb="0"/><line nr="101" mi="3" ci="0" mb="2" cb="0"/><line nr="103" mi="4" ci="0" mb="0" cb="0"/><line nr="104" mi="3" ci="0" mb="0" cb="0"/><line nr="107" mi="3" ci="0" mb="0" cb="0"/><line nr="109" mi="4" ci="0" mb="0" cb="0"/><line nr="110" mi="4" ci="0" mb="0" cb="0"/><line nr="113" mi="4" ci="0" mb="0" cb="0"/><line nr="114" mi="4" ci="0" mb="0" cb="0"/><line nr="115" mi="19" ci="0" mb="0" cb="0"/><line nr="116" mi="7" ci="0" mb="4" cb="0"/><line nr="118" mi="15" ci="0" mb="0" cb="0"/><line nr="122" mi="3" ci="0" mb="2" cb="0"/><line nr="124" mi="6" ci="0" mb="0" cb="0"/><line nr="128" mi="5" ci="0" mb="0" cb="0"/><line nr="131" mi="7" ci="0" mb="0" cb="0"/><line nr="132" mi="5" ci="0" mb="0" cb="0"/><line nr="135" mi="4" ci="0" mb="0" cb="0"/><line nr="137" mi="4" ci="0" mb="0" cb="0"/><line nr="139" mi="4" ci="0" mb="0" cb="0"/><line nr="141" mi="7" ci="0" mb="4" cb="0"/><line nr="143" mi="21" ci="0" mb="2" cb="0"/><line nr="144" mi="5" ci="0" mb="0" cb="0"/><line nr="147" mi="10" ci="0" mb="2" cb="0"/><line nr="149" mi="6" ci="0" mb="0" cb="0"/><line nr="150" mi="1" ci="0" mb="0" cb="0"/><line nr="152" mi="4" ci="0" mb="2" cb="0"/><line nr="154" mi="5" ci="0" mb="0" cb="0"/><line nr="156" mi="1" ci="0" mb="0" cb="0"/><line nr="161" mi="9" ci="0" mb="4" cb="0"/><line nr="167" mi="5" ci="0" mb="0" cb="0"/><line nr="173" mi="4" ci="0" mb="0" cb="0"/><line nr="174" mi="3" ci="0" mb="2" cb="0"/><line nr="176" mi="14" ci="0" mb="0" cb="0"/><line nr="178" mi="4" ci="0" mb="2" cb="0"/><line nr="180" mi="14" ci="0" mb="0" cb="0"/><line nr="182" mi="5" ci="0" mb="0" cb="0"/><line nr="187" mi="4" ci="0" mb="0" cb="0"/><line nr="188" mi="3" ci="0" mb="0" cb="0"/><line nr="189" mi="8" ci="0" mb="2" cb="0"/><line nr="191" mi="4" ci="0" mb="0" cb="0"/><line nr="192" mi="5" ci="0" mb="2" cb="0"/><line nr="194" mi="4" ci="0" mb="0" cb="0"/><line nr="197" mi="2" ci="0" mb="0" cb="0"/><line nr="203" mi="4" ci="0" mb="0" cb="0"/><line nr="204" mi="3" ci="0" mb="2" cb="0"/><line nr="206" mi="2" ci="0" mb="0" cb="0"/><line nr="208" mi="4" ci="0" mb="2" cb="0"/><line nr="210" mi="14" ci="0" mb="0" cb="0"/><line nr="212" mi="5" ci="0" mb="0" cb="0"/><line nr="218" mi="4" ci="0" mb="0" cb="0"/><line nr="219" mi="4" ci="0" mb="0" cb="0"/><line nr="220" mi="4" ci="0" mb="0" cb="0"/><line nr="221" mi="12" ci="0" mb="6" cb="0"/><line nr="223" mi="14" ci="0" mb="0" cb="0"/><line nr="224" mi="4" ci="0" mb="0" cb="0"/><line nr="225" mi="6" ci="0" mb="4" cb="0"/><line nr="227" mi="13" ci="0" mb="0" cb="0"/><line nr="228" mi="5" ci="0" mb="4" cb="0"/><line nr="230" mi="5" ci="0" mb="0" cb="0"/><line nr="231" mi="7" ci="0" mb="0" cb="0"/><line nr="234" mi="2" ci="0" mb="2" cb="0"/><line nr="236" mi="6" ci="0" mb="0" cb="0"/><line nr="238" mi="5" ci="0" mb="0" cb="0"/><line nr="240" mi="3" ci="0" mb="2" cb="0"/><line nr="242" mi="4" ci="0" mb="0" cb="0"/><line nr="243" mi="4" ci="0" mb="0" cb="0"/><line nr="244" mi="5" ci="0" mb="0" cb="0"/><line nr="245" mi="5" ci="0" mb="0" cb="0"/><line nr="247" mi="10" ci="0" mb="2" cb="0"/><line nr="249" mi="5" ci="0" mb="0" cb="0"/><line nr="250" mi="1" ci="0" mb="0" cb="0"/><line nr="253" mi="1" ci="0" mb="0" cb="0"/><line nr="258" mi="4" ci="0" mb="0" cb="0"/><line nr="259" mi="4" ci="0" mb="0" cb="0"/><line nr="261" mi="2" ci="0" mb="0" cb="0"/><line nr="262" mi="2" ci="0" mb="2" cb="0"/><line nr="264" mi="5" ci="0" mb="0" cb="0"/><line nr="267" mi="2" ci="0" mb="0" cb="0"/><line nr="268" mi="6" ci="0" mb="4" cb="0"/><line nr="270" mi="13" ci="0" mb="0" cb="0"/><line nr="272" mi="12" ci="0" mb="0" cb="0"/><line nr="273" mi="4" ci="0" mb="0" cb="0"/><line nr="274" mi="6" ci="0" mb="4" cb="0"/><line nr="276" mi="13" ci="0" mb="0" cb="0"/><line nr="277" mi="5" ci="0" mb="0" cb="0"/><line nr="279" mi="5" ci="0" mb="0" cb="0"/><line nr="280" mi="6" ci="0" mb="2" cb="0"/><line nr="282" mi="5" ci="0" mb="0" cb="0"/><line nr="284" mi="6" ci="0" mb="4" cb="0"/><line nr="286" mi="4" ci="0" mb="0" cb="0"/><line nr="287" mi="12" ci="0" mb="0" cb="0"/><line nr="290" mi="5" ci="0" mb="0" cb="0"/><line nr="291" mi="1" ci="0" mb="0" cb="0"/><line nr="304" mi="8" ci="0" mb="0" cb="0"/><line nr="306" mi="7" ci="0" mb="2" cb="0"/><line nr="308" mi="4" ci="0" mb="0" cb="0"/><line nr="311" mi="3" ci="0" mb="0" cb="0"/><line nr="324" mi="16" ci="0" mb="2" cb="0"/><line nr="326" mi="6" ci="0" mb="0" cb="0"/><line nr="327" mi="1" ci="0" mb="0" cb="0"/><line nr="328" mi="1" ci="0" mb="0" cb="0"/><line nr="342" mi="4" ci="0" mb="0" cb="0"/><line nr="344" mi="4" ci="0" mb="0" cb="0"/><line nr="346" mi="4" ci="0" mb="0" cb="0"/><line nr="348" mi="16" ci="0" mb="2" cb="0"/><line nr="350" mi="12" ci="0" mb="0" cb="0"/><line nr="353" mi="2" ci="0" mb="0" cb="0"/><line nr="366" mi="3" ci="0" mb="0" cb="0"/><line nr="367" mi="5" ci="0" mb="0" cb="0"/><line nr="369" mi="4" ci="0" mb="0" cb="0"/><line nr="371" mi="16" ci="0" mb="2" cb="0"/><line nr="373" mi="3" ci="0" mb="2" cb="0"/><line nr="375" mi="7" ci="0" mb="2" cb="0"/><line nr="377" mi="5" ci="0" mb="0" cb="0"/><line nr="378" mi="3" ci="0" mb="0" cb="0"/><line nr="379" mi="9" ci="0" mb="0" cb="0"/><line nr="383" mi="4" ci="0" mb="0" cb="0"/><line nr="387" mi="8" ci="0" mb="2" cb="0"/><line nr="389" mi="4" ci="0" mb="0" cb="0"/><line nr="390" mi="3" ci="0" mb="2" cb="0"/><line nr="392" mi="12" ci="0" mb="0" cb="0"/><line nr="394" mi="3" ci="0" mb="2" cb="0"/><line nr="396" mi="5" ci="0" mb="0" cb="0"/><line nr="400" mi="4" ci="0" mb="0" cb="0"/><line nr="404" mi="5" ci="0" mb="0" cb="0"/><line nr="405" mi="1" ci="0" mb="0" cb="0"/><line nr="415" mi="2" ci="0" mb="0" cb="0"/><line nr="416" mi="13" ci="0" mb="4" cb="0"/><line nr="418" mi="1" ci="0" mb="0" cb="0"/><line nr="420" mi="15" ci="0" mb="4" cb="0"/><line nr="422" mi="5" ci="0" mb="2" cb="0"/><line nr="424" mi="1" ci="0" mb="0" cb="0"/><line nr="425" mi="1" ci="0" mb="0" cb="0"/><line nr="428" mi="2" ci="0" mb="0" cb="0"/><line nr="433" mi="12" ci="0" mb="6" cb="0"/><line nr="434" mi="4" ci="0" mb="2" cb="0"/><line nr="437" mi="8" ci="0" mb="0" cb="0"/><line nr="440" mi="2" ci="0" mb="0" cb="0"/><counter type="INSTRUCTION" missed="854" covered="0"/><counter type="BRANCH" missed="108" covered="0"/><counter type="LINE" missed="153" covered="0"/><counter type="COMPLEXITY" missed="70" covered="0"/><counter type="METHOD" missed="16" covered="0"/><counter type="CLASS" missed="1" covered="0"/></sourcefile><sourcefile name="ComparableVersion.java"><line nr="82" mi="0" ci="5" mb="0" cb="0"/><line nr="86" mi="0" ci="5" mb="0" cb="0"/><line nr="89" mi="0" ci="2" mb="0" cb="0"/><line nr="90" mi="0" ci="3" mb="0" cb="0"/><line nr="91" mi="0" ci="1" mb="0" cb="0"/><line nr="94" mi="0" ci="2" mb="0" cb="0"/><line nr="95" mi="0" ci="6" mb="0" cb="0"/><line nr="96" mi="0" ci="1" mb="0" cb="0"/><line nr="101" mi="0" ci="2" mb="0" cb="0"/><line nr="107" mi="0" ci="5" mb="0" cb="0"/><line nr="113" mi="0" ci="2" mb="0" cb="2"/><line nr="115" mi="2" ci="7" mb="1" cb="1"/><line nr="118" mi="0" ci="3" mb="3" cb="1"/><line nr="121" mi="0" ci="7" mb="0" cb="0"/><line nr="124" mi="2" ci="0" mb="0" cb="0"/><line nr="127" mi="2" ci="0" mb="0" cb="0"/><line nr="130" mi="13" ci="0" mb="0" cb="0"/><line nr="137" mi="0" ci="4" mb="0" cb="0"/><line nr="147" mi="31" ci="0" mb="0" cb="0"/><line nr="149" mi="3" ci="0" mb="0" cb="0"/><line nr="151" mi="4" ci="0" mb="0" cb="0"/><line nr="154" mi="5" ci="0" mb="0" cb="0"/><line nr="155" mi="5" ci="0" mb="0" cb="0"/><line nr="156" mi="5" ci="0" mb="0" cb="0"/><line nr="163" mi="6" ci="0" mb="0" cb="0"/><line nr="168" mi="2" ci="0" mb="0" cb="0"/><line nr="169" mi="6" ci="0" mb="4" cb="0"/><line nr="172" mi="4" ci="0" mb="4" cb="0"/><line nr="175" mi="2" ci="0" mb="0" cb="0"/><line nr="176" mi="1" ci="0" mb="0" cb="0"/><line nr="178" mi="2" ci="0" mb="0" cb="0"/><line nr="179" mi="1" ci="0" mb="0" cb="0"/><line nr="181" mi="2" ci="0" mb="0" cb="0"/><line nr="185" mi="6" ci="0" mb="0" cb="0"/><line nr="186" mi="1" ci="0" mb="0" cb="0"/><line nr="191" mi="2" ci="0" mb="0" cb="0"/><line nr="197" mi="10" ci="0" mb="2" cb="0"/><line nr="214" mi="4" ci="0" mb="0" cb="0"/><line nr="216" mi="18" ci="0" mb="2" cb="0"/><line nr="222" mi="2" ci="0" mb="2" cb="0"/><line nr="225" mi="6" ci="0" mb="0" cb="0"/><line nr="227" mi="3" ci="0" mb="4" cb="0"/><line nr="230" mi="2" ci="0" mb="0" cb="0"/><line nr="233" mi="9" ci="0" mb="0" cb="0"/><line nr="236" mi="2" ci="0" mb="0" cb="0"/><line nr="239" mi="13" ci="0" mb="0" cb="0"/><line nr="246" mi="3" ci="0" mb="0" cb="0"/><line nr="261" mi="0" ci="2" mb="0" cb="0"/><line nr="267" mi="3" ci="0" mb="0" cb="0"/><line nr="272" mi="0" ci="8" mb="1" cb="1"/><line nr="274" mi="0" ci="4" mb="0" cb="0"/><line nr="275" mi="0" ci="3" mb="0" cb="2"/><line nr="277" mi="0" ci="2" mb="0" cb="0"/><line nr="283" mi="0" ci="1" mb="0" cb="0"/><line nr="284" mi="0" ci="1" mb="0" cb="0"/><line nr="289" mi="0" ci="2" mb="1" cb="1"/><line nr="291" mi="3" ci="0" mb="2" cb="0"/><line nr="293" mi="2" ci="0" mb="0" cb="0"/><line nr="295" mi="5" ci="0" mb="0" cb="0"/><line nr="296" mi="4" ci="0" mb="0" cb="0"/><line nr="298" mi="0" ci="3" mb="3" cb="1"/><line nr="301" mi="2" ci="0" mb="0" cb="0"/><line nr="304" mi="2" ci="0" mb="0" cb="0"/><line nr="307" mi="0" ci="3" mb="0" cb="0"/><line nr="308" mi="0" ci="4" mb="0" cb="0"/><line nr="310" mi="0" ci="6" mb="0" cb="4"/><line nr="312" mi="0" ci="9" mb="0" cb="2"/><line nr="313" mi="0" ci="9" mb="0" cb="2"/><line nr="316" mi="2" ci="14" mb="1" cb="3"/><line nr="318" mi="0" ci="2" mb="0" cb="2"/><line nr="320" mi="0" ci="2" mb="0" cb="0"/><line nr="322" mi="0" ci="1" mb="0" cb="0"/><line nr="324" mi="0" ci="2" mb="0" cb="0"/><line nr="327" mi="13" ci="0" mb="0" cb="0"/><line nr="334" mi="0" ci="5" mb="0" cb="0"/><line nr="335" mi="0" ci="6" mb="0" cb="2"/><line nr="337" mi="0" ci="5" mb="0" cb="0"/><line nr="338" mi="0" ci="3" mb="0" cb="2"/><line nr="340" mi="0" ci="5" mb="0" cb="0"/><line nr="343" mi="0" ci="4" mb="0" cb="0"/><line nr="344" mi="0" ci="3" mb="0" cb="0"/><line nr="349" mi="0" ci="2" mb="0" cb="0"/><line nr="350" mi="0" ci="3" mb="0" cb="0"/><line nr="351" mi="0" ci="1" mb="0" cb="0"/><line nr="355" mi="0" ci="3" mb="0" cb="0"/><line nr="357" mi="0" ci="6" mb="0" cb="0"/><line nr="359" mi="0" ci="4" mb="0" cb="0"/><line nr="361" mi="0" ci="3" mb="0" cb="0"/><line nr="363" mi="0" ci="4" mb="0" cb="0"/><line nr="364" mi="0" ci="4" mb="0" cb="0"/><line nr="366" mi="0" ci="2" mb="0" cb="0"/><line nr="368" mi="0" ci="2" mb="0" cb="0"/><line nr="370" mi="0" ci="8" mb="0" cb="2"/><line nr="372" mi="0" ci="4" mb="0" cb="0"/><line nr="374" mi="0" ci="3" mb="0" cb="2"/><line nr="376" mi="0" ci="3" mb="1" cb="1"/><line nr="378" mi="5" ci="0" mb="0" cb="0"/><line nr="382" mi="0" ci="9" mb="0" cb="0"/><line nr="384" mi="0" ci="5" mb="0" cb="0"/><line nr="386" mi="0" ci="3" mb="1" cb="1"/><line nr="388" mi="3" ci="0" mb="2" cb="0"/><line nr="390" mi="5" ci="0" mb="0" cb="0"/><line nr="394" mi="9" ci="0" mb="0" cb="0"/><line nr="396" mi="4" ci="0" mb="0" cb="0"/><line nr="398" mi="2" ci="0" mb="2" cb="0"/><line nr="400" mi="2" ci="0" mb="0" cb="0"/><line nr="402" mi="13" ci="0" mb="4" cb="0"/><line nr="406" mi="9" ci="0" mb="0" cb="0"/><line nr="408" mi="5" ci="0" mb="0" cb="0"/><line nr="412" mi="0" ci="3" mb="1" cb="1"/><line nr="414" mi="0" ci="5" mb="1" cb="3"/><line nr="416" mi="11" ci="0" mb="0" cb="0"/><line nr="417" mi="2" ci="0" mb="0" cb="0"/><line nr="420" mi="0" ci="3" mb="0" cb="0"/><line nr="424" mi="5" ci="0" mb="4" cb="0"/><line nr="426" mi="9" ci="0" mb="0" cb="0"/><line nr="427" mi="2" ci="0" mb="0" cb="0"/><line nr="430" mi="2" ci="0" mb="0" cb="0"/><line nr="434" mi="0" ci="4" mb="1" cb="1"/><line nr="436" mi="0" ci="8" mb="0" cb="0"/><line nr="439" mi="0" ci="3" mb="0" cb="2"/><line nr="441" mi="0" ci="4" mb="0" cb="0"/><line nr="442" mi="0" ci="3" mb="0" cb="0"/><line nr="445" mi="0" ci="5" mb="0" cb="0"/><line nr="446" mi="0" ci="1" mb="0" cb="0"/><line nr="450" mi="5" ci="8" mb="1" cb="1"/><line nr="456" mi="0" ci="6" mb="0" cb="0"/><line nr="462" mi="3" ci="0" mb="0" cb="0"/><line nr="468" mi="0" ci="14" mb="1" cb="3"/><line nr="474" mi="4" ci="0" mb="0" cb="0"/><counter type="INSTRUCTION" missed="315" covered="300"/><counter type="BRANCH" missed="49" covered="43"/><counter type="LINE" missed="58" covered="72"/><counter type="COMPLEXITY" missed="45" covered="31"/><counter type="METHOD" missed="10" covered="16"/><counter type="CLASS" missed="1" covered="3"/></sourcefile><sourcefile name="Utils.java"><line nr="24" mi="0" ci="11" mb="0" cb="0"/><line nr="28" mi="0" ci="4" mb="0" cb="0"/><line nr="32" mi="0" ci="4" mb="0" cb="0"/><line nr="36" mi="0" ci="3" mb="0" cb="2"/><line nr="37" mi="0" ci="5" mb="0" cb="0"/><line nr="39" mi="0" ci="4" mb="0" cb="0"/><line nr="43" mi="0" ci="3" mb="0" cb="2"/><line nr="44" mi="0" ci="5" mb="0" cb="0"/><line nr="46" mi="0" ci="4" mb="0" cb="0"/><line nr="50" mi="0" ci="3" mb="0" cb="2"/><line nr="51" mi="0" ci="5" mb="0" cb="0"/><line nr="53" mi="0" ci="4" mb="0" cb="0"/><line nr="57" mi="0" ci="3" mb="1" cb="1"/><line nr="58" mi="0" ci="5" mb="0" cb="0"/><line nr="60" mi="4" ci="0" mb="0" cb="0"/><line nr="64" mi="0" ci="3" mb="0" cb="2"/><line nr="65" mi="0" ci="5" mb="0" cb="0"/><line nr="67" mi="0" ci="5" mb="0" cb="0"/><line nr="71" mi="8" ci="0" mb="0" cb="0"/><line nr="72" mi="10" ci="0" mb="0" cb="0"/><line nr="73" mi="10" ci="0" mb="0" cb="0"/><line nr="74" mi="8" ci="0" mb="0" cb="0"/><line nr="78" mi="0" ci="11" mb="0" cb="0"/><line nr="83" mi="0" ci="12" mb="0" cb="0"/><line nr="84" mi="0" ci="6" mb="0" cb="0"/><line nr="85" mi="0" ci="10" mb="0" cb="0"/><line nr="86" mi="0" ci="10" mb="0" cb="0"/><line nr="87" mi="0" ci="8" mb="0" cb="0"/><line nr="91" mi="0" ci="2" mb="1" cb="1"/><line nr="92" mi="2" ci="0" mb="0" cb="0"/><line nr="94" mi="0" ci="4" mb="1" cb="1"/><line nr="95" mi="11" ci="0" mb="0" cb="0"/><line nr="97" mi="0" ci="4" mb="1" cb="1"/><line nr="98" mi="12" ci="0" mb="0" cb="0"/><line nr="101" mi="0" ci="3" mb="0" cb="0"/><line nr="102" mi="0" ci="6" mb="0" cb="0"/><line nr="107" mi="0" ci="3" mb="1" cb="1"/><line nr="108" mi="0" ci="11" mb="0" cb="0"/><line nr="111" mi="4" ci="0" mb="0" cb="0"/><line nr="113" mi="4" ci="0" mb="0" cb="0"/><line nr="114" mi="4" ci="0" mb="0" cb="0"/><line nr="116" mi="4" ci="0" mb="0" cb="0"/><line nr="117" mi="6" ci="0" mb="2" cb="0"/><line nr="118" mi="4" ci="0" mb="0" cb="0"/><line nr="119" mi="4" ci="0" mb="0" cb="0"/><line nr="120" mi="3" ci="0" mb="2" cb="0"/><line nr="121" mi="5" ci="0" mb="0" cb="0"/><line nr="123" mi="4" ci="0" mb="0" cb="0"/><line nr="125" mi="6" ci="0" mb="0" cb="0"/><line nr="126" mi="5" ci="0" mb="0" cb="0"/><line nr="127" mi="4" ci="0" mb="0" cb="0"/><line nr="128" mi="1" ci="0" mb="0" cb="0"/><line nr="130" mi="3" ci="0" mb="0" cb="0"/><line nr="134" mi="5" ci="0" mb="0" cb="0"/><line nr="135" mi="6" ci="0" mb="0" cb="0"/><line nr="136" mi="3" ci="0" mb="0" cb="0"/><line nr="140" mi="6" ci="0" mb="0" cb="0"/><line nr="144" mi="3" ci="0" mb="0" cb="0"/><line nr="145" mi="4" ci="0" mb="2" cb="0"/><line nr="146" mi="2" ci="0" mb="0" cb="0"/><line nr="149" mi="23" ci="0" mb="0" cb="0"/><line nr="150" mi="8" ci="0" mb="0" cb="0"/><line nr="151" mi="26" ci="0" mb="0" cb="0"/><counter type="INSTRUCTION" missed="212" covered="166"/><counter type="BRANCH" missed="11" covered="13"/><counter type="LINE" missed="33" covered="30"/><counter type="COMPLEXITY" missed="13" covered="15"/><counter type="METHOD" missed="5" covered="11"/><counter type="CLASS" missed="0" covered="1"/></sourcefile><sourcefile name="DriverExtractor.java"><line nr="15" mi="0" ci="2" mb="0" cb="0"/><line nr="16" mi="0" ci="3" mb="0" cb="0"/><line nr="17" mi="0" ci="1" mb="0" cb="0"/><line nr="20" mi="0" ci="6" mb="0" cb="0"/><line nr="21" mi="0" ci="7" mb="0" cb="0"/><line nr="24" mi="0" ci="5" mb="0" cb="0"/><line nr="25" mi="0" ci="4" mb="0" cb="2"/><line nr="26" mi="0" ci="15" mb="0" cb="0"/><line nr="27" mi="0" ci="5" mb="0" cb="0"/><line nr="29" mi="0" ci="15" mb="0" cb="0"/><line nr="30" mi="0" ci="9" mb="0" cb="0"/><line nr="32" mi="0" ci="2" mb="0" cb="0"/><line nr="33" mi="1" ci="0" mb="0" cb="0"/><line nr="34" mi="22" ci="0" mb="0" cb="0"/><counter type="INSTRUCTION" missed="23" covered="74"/><counter type="BRANCH" missed="0" covered="2"/><counter type="LINE" missed="2" covered="12"/><counter type="COMPLEXITY" missed="0" covered="3"/><counter type="METHOD" missed="0" covered="2"/><counter type="CLASS" missed="0" covered="1"/></sourcefile><sourcefile name="InstallDriversMojo.java"><line nr="133" mi="0" ci="5" mb="0" cb="0"/><line nr="201" mi="0" ci="2" mb="0" cb="0"/><line nr="202" mi="0" ci="1" mb="0" cb="0"/><line nr="206" mi="0" ci="3" mb="0" cb="2"/><line nr="207" mi="0" ci="7" mb="0" cb="0"/><line nr="209" mi="0" ci="7" mb="0" cb="2"/><line nr="210" mi="0" ci="7" mb="0" cb="0"/><line nr="212" mi="0" ci="7" mb="0" cb="0"/><line nr="213" mi="0" ci="9" mb="0" cb="0"/><line nr="214" mi="1" ci="0" mb="0" cb="0"/><line nr="215" mi="6" ci="0" mb="0" cb="0"/><line nr="216" mi="0" ci="1" mb="0" cb="0"/><line nr="217" mi="0" ci="1" mb="0" cb="0"/><line nr="222" mi="0" ci="4" mb="0" cb="2"/><line nr="223" mi="0" ci="4" mb="0" cb="0"/><line nr="224" mi="0" ci="1" mb="0" cb="0"/><line nr="227" mi="0" ci="3" mb="0" cb="2"/><line nr="228" mi="0" ci="4" mb="0" cb="0"/><line nr="229" mi="0" ci="1" mb="0" cb="0"/><line nr="232" mi="0" ci="29" mb="0" cb="2"/><line nr="233" mi="0" ci="3" mb="1" cb="1"/><line nr="234" mi="13" ci="0" mb="0" cb="0"/><line nr="235" mi="1" ci="0" mb="0" cb="0"/><line nr="239" mi="0" ci="10" mb="0" cb="0"/><line nr="240" mi="0" ci="14" mb="0" cb="0"/><line nr="241" mi="0" ci="4" mb="0" cb="2"/><line nr="242" mi="0" ci="4" mb="0" cb="0"/><line nr="243" mi="0" ci="6" mb="0" cb="0"/><line nr="245" mi="0" ci="4" mb="0" cb="0"/><line nr="249" mi="0" ci="6" mb="1" cb="3"/><line nr="250" mi="4" ci="0" mb="0" cb="0"/><line nr="251" mi="3" ci="0" mb="0" cb="0"/><line nr="253" mi="0" ci="2" mb="0" cb="0"/><line nr="254" mi="0" ci="2" mb="0" cb="0"/><line nr="255" mi="0" ci="3" mb="0" cb="2"/><line nr="256" mi="0" ci="3" mb="0" cb="0"/><line nr="258" mi="0" ci="2" mb="0" cb="0"/><line nr="260" mi="0" ci="1" mb="0" cb="0"/><line nr="263" mi="0" ci="5" mb="0" cb="0"/><line nr="264" mi="0" ci="5" mb="0" cb="0"/><line nr="266" mi="0" ci="3" mb="0" cb="0"/><line nr="267" mi="0" ci="6" mb="0" cb="0"/><line nr="268" mi="0" ci="6" mb="0" cb="0"/><line nr="269" mi="0" ci="3" mb="0" cb="0"/><line nr="270" mi="0" ci="6" mb="0" cb="0"/><line nr="271" mi="0" ci="20" mb="0" cb="0"/><line nr="273" mi="0" ci="4" mb="0" cb="0"/><line nr="274" mi="0" ci="6" mb="0" cb="0"/><line nr="275" mi="0" ci="5" mb="0" cb="0"/><line nr="276" mi="0" ci="4" mb="0" cb="0"/><line nr="279" mi="0" ci="4" mb="0" cb="0"/><line nr="280" mi="0" ci="9" mb="0" cb="0"/><line nr="281" mi="0" ci="6" mb="0" cb="0"/><line nr="284" mi="0" ci="2" mb="0" cb="0"/><line nr="285" mi="0" ci="8" mb="0" cb="0"/><line nr="286" mi="0" ci="1" mb="0" cb="0"/><line nr="287" mi="1" ci="0" mb="0" cb="0"/><line nr="289" mi="0" ci="1" mb="0" cb="0"/><line nr="290" mi="0" ci="4" mb="1" cb="1"/><line nr="291" mi="0" ci="4" mb="0" cb="0"/><line nr="293" mi="7" ci="0" mb="0" cb="0"/><line nr="294" mi="1" ci="1" mb="0" cb="0"/><line nr="295" mi="0" ci="1" mb="0" cb="0"/><line nr="298" mi="5" ci="0" mb="0" cb="0"/><line nr="303" mi="0" ci="3" mb="0" cb="0"/><line nr="304" mi="1" ci="0" mb="0" cb="0"/><line nr="305" mi="11" ci="0" mb="0" cb="0"/><line nr="306" mi="7" ci="0" mb="0" cb="0"/><line nr="307" mi="0" ci="1" mb="0" cb="0"/><line nr="308" mi="0" ci="1" mb="0" cb="0"/><line nr="312" mi="0" ci="4" mb="0" cb="0"/><line nr="313" mi="1" ci="0" mb="0" cb="0"/><line nr="314" mi="11" ci="0" mb="0" cb="0"/><line nr="315" mi="6" ci="0" mb="0" cb="0"/><line nr="316" mi="0" ci="1" mb="0" cb="0"/><line nr="317" mi="0" ci="1" mb="0" cb="0"/><counter type="INSTRUCTION" missed="79" covered="285"/><counter type="BRANCH" missed="3" covered="19"/><counter type="LINE" missed="15" covered="61"/><counter type="COMPLEXITY" missed="4" covered="18"/><counter type="METHOD" missed="1" covered="10"/><counter type="CLASS" missed="0" covered="1"/></sourcefile><sourcefile name="DriverComparator.java"><line nr="25" mi="0" ci="3" mb="0" cb="0"/><line nr="29" mi="0" ci="5" mb="2" cb="2"/><line nr="30" mi="9" ci="0" mb="4" cb="0"/><line nr="32" mi="0" ci="5" mb="2" cb="2"/><line nr="33" mi="2" ci="0" mb="0" cb="0"/><line nr="35" mi="0" ci="6" mb="0" cb="0"/><line nr="39" mi="0" ci="3" mb="0" cb="0"/><line nr="43" mi="0" ci="5" mb="2" cb="2"/><line nr="44" mi="9" ci="0" mb="4" cb="0"/><line nr="46" mi="0" ci="5" mb="2" cb="2"/><line nr="47" mi="2" ci="0" mb="0" cb="0"/><line nr="49" mi="0" ci="6" mb="0" cb="0"/><counter type="INSTRUCTION" missed="22" covered="38"/><counter type="BRANCH" missed="16" covered="8"/><counter type="LINE" missed="4" covered="8"/><counter type="COMPLEXITY" missed="12" covered="4"/><counter type="METHOD" missed="0" covered="4"/><counter type="CLASS" missed="0" covered="2"/></sourcefile><sourcefile name="DriverDownloader.java"><line nr="29" mi="0" ci="2" mb="0" cb="0"/><line nr="30" mi="0" ci="3" mb="0" cb="0"/><line nr="31" mi="0" ci="4" mb="0" cb="0"/><line nr="32" mi="0" ci="1" mb="0" cb="0"/><line nr="36" mi="0" ci="3" mb="0" cb="0"/><line nr="37" mi="0" ci="1" mb="0" cb="0"/><line nr="41" mi="0" ci="3" mb="0" cb="0"/><line nr="42" mi="0" ci="5" mb="0" cb="0"/><line nr="44" mi="0" ci="8" mb="1" cb="3"/><line nr="45" mi="0" ci="14" mb="0" cb="0"/><line nr="47" mi="0" ci="18" mb="0" cb="0"/><line nr="48" mi="0" ci="8" mb="0" cb="0"/><line nr="49" mi="0" ci="3" mb="0" cb="0"/><line nr="50" mi="0" ci="3" mb="0" cb="0"/><line nr="51" mi="0" ci="3" mb="0" cb="2"/><line nr="52" mi="0" ci="6" mb="0" cb="0"/><line nr="54" mi="0" ci="15" mb="0" cb="0"/><line nr="56" mi="0" ci="1" mb="0" cb="0"/><line nr="57" mi="0" ci="2" mb="0" cb="0"/><line nr="58" mi="1" ci="0" mb="0" cb="0"/><line nr="59" mi="27" ci="0" mb="0" cb="0"/><line nr="60" mi="0" ci="1" mb="0" cb="0"/><line nr="61" mi="0" ci="3" mb="0" cb="0"/><line nr="63" mi="0" ci="2" mb="0" cb="0"/><line nr="67" mi="0" ci="7" mb="0" cb="0"/><line nr="68" mi="0" ci="6" mb="0" cb="0"/><line nr="69" mi="0" ci="2" mb="0" cb="0"/><line nr="70" mi="0" ci="1" mb="0" cb="0"/><line nr="72" mi="0" ci="1" mb="0" cb="0"/><line nr="73" mi="0" ci="10" mb="0" cb="0"/><line nr="74" mi="0" ci="4" mb="0" cb="0"/><line nr="76" mi="0" ci="10" mb="0" cb="0"/><line nr="77" mi="0" ci="8" mb="0" cb="0"/><line nr="78" mi="0" ci="8" mb="0" cb="0"/><line nr="79" mi="0" ci="1" mb="0" cb="0"/><line nr="80" mi="0" ci="3" mb="0" cb="0"/><line nr="84" mi="0" ci="4" mb="0" cb="0"/><line nr="85" mi="0" ci="5" mb="0" cb="0"/><line nr="89" mi="0" ci="4" mb="0" cb="0"/><line nr="90" mi="0" ci="5" mb="0" cb="2"/><line nr="92" mi="0" ci="5" mb="0" cb="0"/><line nr="93" mi="1" ci="0" mb="0" cb="0"/><line nr="94" mi="13" ci="0" mb="0" cb="0"/><line nr="95" mi="0" ci="1" mb="0" cb="0"/><line nr="97" mi="0" ci="1" mb="0" cb="0"/><counter type="INSTRUCTION" missed="42" covered="195"/><counter type="BRANCH" missed="1" covered="7"/><counter type="LINE" missed="4" covered="41"/><counter type="COMPLEXITY" missed="1" covered="10"/><counter type="METHOD" missed="0" covered="7"/><counter type="CLASS" missed="0" covered="1"/></sourcefile><sourcefile name="InstallDriversMojoExecutionException.java"><line nr="9" mi="0" ci="6" mb="0" cb="0"/><line nr="10" mi="0" ci="1" mb="0" cb="0"/><line nr="13" mi="0" ci="13" mb="0" cb="0"/><line nr="14" mi="0" ci="1" mb="0" cb="0"/><counter type="INSTRUCTION" missed="0" covered="21"/><counter type="LINE" missed="0" covered="4"/><counter type="COMPLEXITY" missed="0" covered="2"/><counter type="METHOD" missed="0" covered="2"/><counter type="CLASS" missed="0" covered="1"/></sourcefile><sourcefile name="ProxyUtils.java"><line nr="18" mi="0" ci="13" mb="0" cb="0"/><line nr="22" mi="0" ci="4" mb="0" cb="0"/><line nr="23" mi="5" ci="8" mb="3" cb="1"/><line nr="24" mi="0" ci="1" mb="0" cb="0"/><line nr="25" mi="0" ci="4" mb="0" cb="0"/><line nr="26" mi="0" ci="17" mb="0" cb="0"/><line nr="27" mi="0" ci="2" mb="0" cb="0"/><line nr="32" mi="0" ci="2" mb="0" cb="2"/><line nr="33" mi="0" ci="2" mb="0" cb="0"/><line nr="36" mi="0" ci="5" mb="0" cb="0"/><line nr="37" mi="0" ci="3" mb="0" cb="0"/><line nr="38" mi="1" ci="10" mb="1" cb="1"/><line nr="39" mi="6" ci="9" mb="3" cb="1"/><line nr="40" mi="0" ci="1" mb="0" cb="0"/><counter type="INSTRUCTION" missed="12" covered="81"/><counter type="BRANCH" missed="7" covered="5"/><counter type="LINE" missed="0" covered="14"/><counter type="COMPLEXITY" missed="5" covered="9"/><counter type="METHOD" missed="0" covered="8"/><counter type="CLASS" missed="0" covered="1"/></sourcefile><counter type="INSTRUCTION" missed="1703" covered="2205"/><counter type="BRANCH" missed="216" covered="190"/><counter type="LINE" missed="288" covered="425"/><counter type="COMPLEXITY" missed="172" covered="171"/><counter type="METHOD" missed="33" covered="103"/><counter type="CLASS" missed="2" covered="15"/></package><package name="com/github/webdriverextensions/newversion"><class name="com/github/webdriverextensions/newversion/FileExtractor" sourcefilename="FileExtractor.java"/><class name="com/github/webdriverextensions/newversion/FileExtractorImpl" sourcefilename="FileExtractorImpl.java"><method name="&lt;init&gt;" desc="(Ljava/lang/String;)V" line="21"><counter type="INSTRUCTION" missed="0" covered="41"/><counter type="BRANCH" missed="0" covered="2"/><counter type="LINE" missed="0" covered="9"/><counter type="COMPLEXITY" missed="0" covered="2"/><counter type="METHOD" missed="0" covered="1"/></method><method name="isExtractable" desc="(Ljava/nio/file/Path;)Z" line="34"><counter type="INSTRUCTION" missed="0" covered="34"/><counter type="BRANCH" missed="3" covered="9"/><counter type="LINE" missed="0" covered="6"/><counter type="COMPLEXITY" missed="3" covered="4"/><counter type="METHOD" missed="0" covered="1"/></method><method name="extractFile" desc="(Ljava/nio/file/Path;Ljava/nio/file/Path;)V" line="45"><counter type="INSTRUCTION" missed="6" covered="61"/><counter type="BRANCH" missed="1" covered="11"/><counter type="LINE" missed="2" covered="14"/><counter type="COMPLEXITY" missed="1" covered="6"/><counter type="METHOD" missed="0" covered="1"/></method><method name="extractBz2File" desc="(Ljava/nio/file/Path;Ljava/nio/file/Path;)V" line="64"><counter type="INSTRUCTION" missed="0" covered="31"/><counter type="LINE" missed="0" covered="7"/><counter type="COMPLEXITY" missed="0" covered="1"/><counter type="METHOD" missed="0" covered="1"/></method><method name="extractGzFile" desc="(Ljava/nio/file/Path;Ljava/nio/file/Path;)V" line="76"><counter type="INSTRUCTION" missed="0" covered="31"/><counter type="LINE" missed="0" covered="7"/><counter type="COMPLEXITY" missed="0" covered="1"/><counter type="METHOD" missed="0" covered="1"/></method><method name="extractTarFile" desc="(Ljava/nio/file/Path;Ljava/nio/file/Path;)V" line="88"><counter type="INSTRUCTION" missed="0" covered="26"/><counter type="LINE" missed="0" covered="6"/><counter type="COMPLEXITY" missed="0" covered="1"/><counter type="METHOD" missed="0" covered="1"/></method><method name="extractTarBz2File" desc="(Ljava/nio/file/Path;Ljava/nio/file/Path;)V" line="99"><counter type="INSTRUCTION" missed="0" covered="31"/><counter type="LINE" missed="0" covered="7"/><counter type="COMPLEXITY" missed="0" covered="1"/><counter type="METHOD" missed="0" covered="1"/></method><method name="extractTar" desc="(Ljava/nio/file/Path;Lorg/apache/commons/compress/archivers/tar/TarArchiveInputStream;)V" line="112"><counter type="INSTRUCTION" missed="1" covered="40"/><counter type="BRANCH" missed="1" covered="9"/><counter type="LINE" missed="1" covered="10"/><counter type="COMPLEXITY" missed="1" covered="5"/><counter type="METHOD" missed="0" covered="1"/></method><method name="extractPattern" desc="(Ljava/nio/file/Path;Lorg/apache/commons/compress/archivers/tar/TarArchiveInputStream;Lorg/apache/commons/compress/archivers/tar/TarArchiveEntry;)V" line="129"><counter type="INSTRUCTION" missed="0" covered="50"/><counter type="BRANCH" missed="0" covered="8"/><counter type="LINE" missed="0" covered="11"/><counter type="COMPLEXITY" missed="0" covered="5"/><counter type="METHOD" missed="0" covered="1"/></method><method name="extractTarGzFile" desc="(Ljava/nio/file/Path;Ljava/nio/file/Path;)V" line="147"><counter type="INSTRUCTION" missed="0" covered="31"/><counter type="LINE" missed="0" covered="7"/><counter type="COMPLEXITY" missed="0" covered="1"/><counter type="METHOD" missed="0" covered="1"/></method><method name="extractZipFile" desc="(Ljava/nio/file/Path;Ljava/nio/file/Path;)V" line="160"><counter type="INSTRUCTION" missed="1" covered="100"/><counter type="BRANCH" missed="1" covered="17"/><counter type="LINE" missed="1" covered="21"/><counter type="COMPLEXITY" missed="1" covered="9"/><counter type="METHOD" missed="0" covered="1"/></method><method name="isPathSaveToUse" desc="(Ljava/nio/file/Path;Ljava/nio/file/Path;)Z" line="206"><counter type="INSTRUCTION" missed="0" covered="5"/><counter type="LINE" missed="0" covered="1"/><counter type="COMPLEXITY" missed="0" covered="1"/><counter type="METHOD" missed="0" covered="1"/></method><counter type="INSTRUCTION" missed="8" covered="481"/><counter type="BRANCH" missed="6" covered="56"/><counter type="LINE" missed="4" covered="106"/><counter type="COMPLEXITY" missed="6" covered="37"/><counter type="METHOD" missed="0" covered="12"/><counter type="CLASS" missed="0" covered="1"/></class><sourcefile name="FileExtractorImpl.java"><line nr="21" mi="0" ci="5" mb="0" cb="0"/><line nr="22" mi="0" ci="5" mb="0" cb="0"/><line nr="23" mi="0" ci="5" mb="0" cb="0"/><line nr="24" mi="0" ci="5" mb="0" cb="0"/><line nr="25" mi="0" ci="5" mb="0" cb="0"/><line nr="26" mi="0" ci="5" mb="0" cb="0"/><line nr="28" mi="0" ci="2" mb="0" cb="0"/><line nr="29" mi="0" ci="8" mb="0" cb="2"/><line nr="30" mi="0" ci="1" mb="0" cb="0"/><line nr="34" mi="0" ci="9" mb="0" cb="2"/><line nr="35" mi="0" ci="5" mb="0" cb="2"/><line nr="36" mi="0" ci="5" mb="1" cb="1"/><line nr="37" mi="0" ci="5" mb="1" cb="1"/><line nr="38" mi="0" ci="5" mb="1" cb="1"/><line nr="39" mi="0" ci="5" mb="0" cb="2"/><line nr="45" mi="0" ci="5" mb="0" cb="2"/><line nr="46" mi="0" ci="5" mb="0" cb="0"/><line nr="47" mi="0" ci="5" mb="0" cb="2"/><line nr="48" mi="0" ci="5" mb="0" cb="0"/><line nr="49" mi="0" ci="5" mb="0" cb="2"/><line nr="50" mi="0" ci="5" mb="0" cb="0"/><line nr="51" mi="0" ci="5" mb="0" cb="2"/><line nr="52" mi="0" ci="5" mb="0" cb="0"/><line nr="53" mi="0" ci="5" mb="0" cb="2"/><line nr="54" mi="0" ci="5" mb="0" cb="0"/><line nr="55" mi="0" ci="5" mb="1" cb="1"/><line nr="56" mi="0" ci="4" mb="0" cb="0"/><line nr="58" mi="1" ci="0" mb="0" cb="0"/><line nr="59" mi="5" ci="0" mb="0" cb="0"/><line nr="60" mi="0" ci="1" mb="0" cb="0"/><line nr="61" mi="0" ci="1" mb="0" cb="0"/><line nr="64" mi="0" ci="4" mb="0" cb="0"/><line nr="65" mi="0" ci="4" mb="0" cb="0"/><line nr="66" mi="0" ci="6" mb="0" cb="0"/><line nr="67" mi="0" ci="5" mb="0" cb="0"/><line nr="68" mi="0" ci="5" mb="0" cb="0"/><line nr="69" mi="0" ci="6" mb="0" cb="0"/><line nr="73" mi="0" ci="1" mb="0" cb="0"/><line nr="76" mi="0" ci="4" mb="0" cb="0"/><line nr="77" mi="0" ci="4" mb="0" cb="0"/><line nr="78" mi="0" ci="6" mb="0" cb="0"/><line nr="79" mi="0" ci="5" mb="0" cb="0"/><line nr="80" mi="0" ci="5" mb="0" cb="0"/><line nr="81" mi="0" ci="6" mb="0" cb="0"/><line nr="85" mi="0" ci="1" mb="0" cb="0"/><line nr="88" mi="0" ci="5" mb="0" cb="0"/><line nr="89" mi="0" ci="6" mb="0" cb="0"/><line nr="90" mi="0" ci="5" mb="0" cb="0"/><line nr="91" mi="0" ci="5" mb="0" cb="0"/><line nr="92" mi="0" ci="4" mb="0" cb="0"/><line nr="96" mi="0" ci="1" mb="0" cb="0"/><line nr="99" mi="0" ci="5" mb="0" cb="0"/><line nr="100" mi="0" ci="6" mb="0" cb="0"/><line nr="101" mi="0" ci="5" mb="0" cb="0"/><line nr="102" mi="0" ci="5" mb="0" cb="0"/><line nr="103" mi="0" ci="5" mb="0" cb="0"/><line nr="104" mi="0" ci="4" mb="0" cb="0"/><line nr="109" mi="0" ci="1" mb="0" cb="0"/><line nr="112" mi="0" ci="9" mb="0" cb="2"/><line nr="113" mi="0" ci="3" mb="0" cb="2"/><line nr="114" mi="0" ci="5" mb="0" cb="0"/><line nr="115" mi="0" ci="7" mb="0" cb="4"/><line nr="116" mi="0" ci="1" mb="0" cb="0"/><line nr="118" mi="0" ci="5" mb="0" cb="0"/><line nr="119" mi="0" ci="1" mb="0" cb="0"/><line nr="120" mi="0" ci="3" mb="1" cb="1"/><line nr="121" mi="1" ci="0" mb="0" cb="0"/><line nr="123" mi="0" ci="5" mb="0" cb="0"/><line nr="126" mi="0" ci="1" mb="0" cb="0"/><line nr="129" mi="0" ci="5" mb="0" cb="0"/><line nr="130" mi="0" ci="3" mb="0" cb="2"/><line nr="131" mi="0" ci="7" mb="0" cb="2"/><line nr="132" mi="0" ci="1" mb="0" cb="0"/><line nr="134" mi="0" ci="7" mb="0" cb="0"/><line nr="135" mi="0" ci="4" mb="0" cb="0"/><line nr="137" mi="0" ci="4" mb="0" cb="2"/><line nr="139" mi="0" ci="6" mb="0" cb="2"/><line nr="140" mi="0" ci="6" mb="0" cb="0"/><line nr="142" mi="0" ci="6" mb="0" cb="0"/><line nr="144" mi="0" ci="1" mb="0" cb="0"/><line nr="147" mi="0" ci="5" mb="0" cb="0"/><line nr="148" mi="0" ci="6" mb="0" cb="0"/><line nr="149" mi="0" ci="5" mb="0" cb="0"/><line nr="150" mi="0" ci="5" mb="0" cb="0"/><line nr="151" mi="0" ci="5" mb="0" cb="0"/><line nr="152" mi="0" ci="4" mb="0" cb="0"/><line nr="157" mi="0" ci="1" mb="0" cb="0"/><line nr="160" mi="0" ci="5" mb="0" cb="0"/><line nr="161" mi="0" ci="6" mb="0" cb="0"/><line nr="162" mi="0" ci="5" mb="0" cb="0"/><line nr="163" mi="0" ci="5" mb="0" cb="0"/><line nr="164" mi="0" ci="9" mb="0" cb="2"/><line nr="166" mi="0" ci="5" mb="0" cb="0"/><line nr="167" mi="0" ci="3" mb="0" cb="2"/><line nr="168" mi="0" ci="7" mb="0" cb="4"/><line nr="169" mi="0" ci="1" mb="0" cb="0"/><line nr="171" mi="0" ci="6" mb="0" cb="0"/><line nr="173" mi="0" ci="3" mb="1" cb="1"/><line nr="174" mi="1" ci="0" mb="0" cb="0"/><line nr="176" mi="0" ci="3" mb="0" cb="2"/><line nr="177" mi="0" ci="7" mb="0" cb="2"/><line nr="178" mi="0" ci="1" mb="0" cb="0"/><line nr="180" mi="0" ci="7" mb="0" cb="0"/><line nr="181" mi="0" ci="4" mb="0" cb="0"/><line nr="183" mi="0" ci="4" mb="0" cb="2"/><line nr="185" mi="0" ci="6" mb="0" cb="2"/><line nr="186" mi="0" ci="6" mb="0" cb="0"/><line nr="188" mi="0" ci="6" mb="0" cb="0"/><line nr="195" mi="0" ci="1" mb="0" cb="0"/><line nr="206" mi="0" ci="5" mb="0" cb="0"/><counter type="INSTRUCTION" missed="8" covered="481"/><counter type="BRANCH" missed="6" covered="56"/><counter type="LINE" missed="4" covered="106"/><counter type="COMPLEXITY" missed="6" covered="37"/><counter type="METHOD" missed="0" covered="12"/><counter type="CLASS" missed="0" covered="1"/></sourcefile><sourcefile name="FileExtractor.java"/><counter type="INSTRUCTION" missed="8" covered="481"/><counter type="BRANCH" missed="6" covered="56"/><counter type="LINE" missed="4" covered="106"/><counter type="COMPLEXITY" missed="6" covered="37"/><counter type="METHOD" missed="0" covered="12"/><counter type="CLASS" missed="0" covered="1"/></package><counter type="INSTRUCTION" missed="1711" covered="2686"/><counter type="BRANCH" missed="222" covered="246"/><counter type="LINE" missed="292" covered="531"/><counter type="COMPLEXITY" missed="178" covered="208"/><counter type="METHOD" missed="33" covered="115"/><counter type="CLASS" missed="2" covered="16"/></report>